IQ-TREE multicore version 2.2.0.3 COVID-edition for Linux 64-bit built Aug  2 2022
Developed by Bui Quang Minh, James Barbetti, Nguyen Lam Tung,
Olga Chernomor, Heiko Schmidt, Dominik Schrempf, Michael Woodhams, Ly Trong Nhan.

Host:    paul-valery (AVX2, FMA3, 7 GB RAM)
Command: iqtree -s SUP35_aligned_trimmed.fsa -m MF
Seed:    748566 (Using SPRNG - Scalable Parallel Random Number Generator)
Time:    Sat Feb 25 20:41:06 2023
Kernel:  AVX+FMA - 1 threads (4 CPU cores detected)

HINT: Use -nt option to specify number of threads because your CPU has 4 cores!
HINT: -nt AUTO will automatically determine the best number of threads to use.

Reading alignment file SUP35_aligned_trimmed.fsa ... Fasta format detected
Reading fasta file: done in 0.00138497 secs using 97.26% CPU
Alignment most likely contains DNA/RNA sequences
Constructing alignment: done in 0.00542498 secs using 91.13% CPU
Alignment has 10 sequences with 2275 columns, 612 distinct patterns
515 parsimony-informative, 448 singleton sites, 1312 constant sites
                                        Gap/Ambiguity  Composition  p-value
Analyzing sequences: done in 5.10216e-05 secs using 96.04% CPU
   1  SUP35_Agos_ATCC_10895_NM_211584           8.75%    failed      0.00%
   2  SUP35_Kla_AB039749                        7.56%    passed     88.23%
   3  SUP35_Skud_IFO1802T_36                   10.46%    passed     98.21%
   4  SUP35_Seub_CBS12357_chr_II_IV_DF968535   10.99%    passed     65.82%
   5  SUP35_Sarb_H-6_chrXIII_CM001575          10.20%    passed     57.33%
   6  SUP35_Smik_IFO1815T_30                   10.07%    passed     62.80%
   7  SUP35_Spar_A12_Liti                      10.07%    passed     56.39%
   8  SUP35_Scer_74-D694_GCA_001578265.1        9.54%    passed     93.27%
   9  SUP35_Sbou_unique28_CM003560              9.54%    passed     91.89%
  10  SUP35_Scer_beer078_CM005938              12.04%    passed     89.00%
****  TOTAL                                     9.92%  1 sequences failed composition chi2 test (p-value<5%; df=3)
Checking for duplicate sequences: done in 0.000126839 secs using 97.76% CPU


Create initial parsimony tree by phylogenetic likelihood library (PLL)... 0.001 seconds
Perform fast likelihood tree search using GTR+I+G model...
Estimate model parameters (epsilon = 5.000)
Perform nearest neighbor interchange...
Optimizing NNI: done in 0.0132391 secs using 99.96% CPU
Estimate model parameters (epsilon = 1.000)
1. Initial log-likelihood: -9684.292
Optimal log-likelihood: -9684.007
Rate parameters:  A-C: 2.28840  A-G: 7.77940  A-T: 1.62050  C-G: 2.40759  C-T: 19.87612  G-T: 1.00000
Base frequencies:  A: 0.342  C: 0.194  G: 0.225  T: 0.239
Proportion of invariable sites: 0.283
Gamma shape alpha: 1.036
Parameters optimization took 1 rounds (0.012 sec)
Time for fast ML tree search: 0.120 seconds

NOTE: ModelFinder requires 1 MB RAM!
ModelFinder will test up to 484 DNA models (sample size: 2275) ...
 No. Model         -LnL         df  AIC          AICc         BIC
  1  GTR+F         9958.289     25  19966.577    19967.155    20109.820
  2  GTR+F+I       9690.563     26  19433.126    19433.750    19582.099
  3  GTR+F+G4      9688.462     26  19428.924    19429.548    19577.897
  4  GTR+F+I+G4    9683.829     27  19421.658    19422.331    19576.361
  5  GTR+F+R2      9689.607     27  19433.215    19433.888    19587.917
  6  GTR+F+R3      9685.176     29  19428.351    19429.126    19594.513
 14  GTR+F+I+I+R2  9682.617     28  19421.234    19421.957    19581.667
 15  GTR+F+I+I+R3  9681.523     30  19423.045    19423.874    19594.937
 24  SYM+I         9751.375     23  19548.751    19549.241    19680.535
 25  SYM+G4        9748.028     23  19542.057    19542.547    19673.841
 26  SYM+I+G4      9744.275     24  19536.550    19537.083    19674.063
 36  SYM+I+I+R2    9743.437     25  19536.873    19537.452    19680.117
 46  TVM+F+I       9733.552     25  19517.104    19517.682    19660.348
 47  TVM+F+G4      9732.180     25  19514.360    19514.938    19657.604
 48  TVM+F+I+G4    9729.093     26  19510.186    19510.811    19659.159
 58  TVM+F+I+I+R2  9726.011     27  19506.023    19506.696    19660.726
 68  TVMe+I        9773.120     22  19590.240    19590.689    19716.294
 69  TVMe+G4       9766.258     22  19576.515    19576.965    19702.569
 70  TVMe+I+G4     9764.304     23  19574.607    19575.098    19706.391
 80  TVMe+I+I+R2   9762.428     24  19572.857    19573.390    19710.370
 90  TIM3+F+I      9692.616     24  19433.232    19433.766    19570.746
 91  TIM3+F+G4     9690.475     24  19428.949    19429.483    19566.463
 92  TIM3+F+I+G4   9685.651     25  19421.303    19421.881    19564.546
102  TIM3+F+I+I+R2 9684.778     26  19421.556    19422.180    19570.529
112  TIM3e+I       9760.927     21  19563.854    19564.264    19684.179
113  TIM3e+G4      9758.543     21  19559.086    19559.496    19679.411
114  TIM3e+I+G4    9754.208     22  19552.415    19552.865    19678.470
124  TIM3e+I+I+R2  9753.701     23  19553.401    19553.892    19685.185
134  TIM2+F+I      9695.042     24  19438.083    19438.616    19575.597
135  TIM2+F+G4     9695.054     24  19438.108    19438.641    19575.622
136  TIM2+F+I+G4   9689.748     25  19429.495    19430.073    19572.739
146  TIM2+F+I+I+R2 9688.612     26  19429.225    19429.850    19578.198
156  TIM2e+I       9754.433     21  19550.866    19551.276    19671.190
157  TIM2e+G4      9750.897     21  19543.795    19544.205    19664.119
158  TIM2e+I+G4    9747.102     22  19538.204    19538.654    19664.258
168  TIM2e+I+I+R2  9746.428     23  19538.856    19539.347    19670.640
178  TIM+F+I       9695.612     24  19439.225    19439.758    19576.738
179  TIM+F+G4      9695.807     24  19439.613    19440.147    19577.127
180  TIM+F+I+G4    9690.517     25  19431.035    19431.613    19574.278
190  TIM+F+I+I+R2  9689.318     26  19430.635    19431.260    19579.608
200  TIMe+I        9761.126     21  19564.253    19564.663    19684.577
201  TIMe+G4       9759.440     21  19560.880    19561.290    19681.205
202  TIMe+I+G4     9755.044     22  19554.087    19554.537    19680.141
212  TIMe+I+I+R2   9754.369     23  19554.737    19555.228    19686.521
222  TPM3u+F+I     9735.868     23  19517.736    19518.227    19649.520
223  TPM3u+F+G4    9734.091     23  19514.182    19514.673    19645.966
224  TPM3u+F+I+G4  9730.752     24  19509.504    19510.037    19647.018
234  TPM3u+F+I+I+R2 9728.137     25  19506.273    19506.851    19649.517
244  TPM3+I        9782.627     20  19605.253    19605.626    19719.848
245  TPM3+G4       9777.854     20  19595.708    19596.080    19710.302
246  TPM3+I+G4     9775.337     21  19592.675    19593.085    19712.999
256  TPM3+I+I+R2   9773.961     22  19591.922    19592.372    19717.976
266  TPM2u+F+I     9738.332     23  19522.665    19523.155    19654.449
267  TPM2u+F+G4    9738.148     23  19522.296    19522.787    19654.080
268  TPM2u+F+I+G4  9734.664     24  19517.328    19517.861    19654.842
278  TPM2u+F+I+I+R2 9731.571     25  19513.141    19513.719    19656.385
288  TPM2+I        9776.339     20  19592.678    19593.051    19707.273
289  TPM2+G4       9769.180     20  19578.360    19578.733    19692.955
290  TPM2+I+G4     9767.126     21  19576.252    19576.662    19696.576
300  TPM2+I+I+R2   9765.558     22  19575.115    19575.565    19701.170
310  K3Pu+F+I      9739.076     23  19524.152    19524.643    19655.936
311  K3Pu+F+G4     9738.888     23  19523.776    19524.266    19655.560
312  K3Pu+F+I+G4   9735.378     24  19518.755    19519.288    19656.269
322  K3Pu+F+I+I+R2 9732.332     25  19514.664    19515.242    19657.907
332  K3P+I         9782.784     20  19605.568    19605.941    19720.163
333  K3P+G4        9778.925     20  19597.851    19598.223    19712.445
334  K3P+I+G4      9776.224     21  19594.448    19594.858    19714.772
344  K3P+I+I+R2    9774.802     22  19593.604    19594.053    19719.658
354  TN+F+I        9695.860     23  19437.719    19438.210    19569.503
355  TN+F+G4       9695.946     23  19437.893    19438.383    19569.676
356  TN+F+I+G4     9690.667     24  19429.334    19429.867    19566.847
366  TN+F+I+I+R2   9689.510     25  19429.021    19429.599    19572.264
376  TNe+I         9762.177     20  19564.354    19564.727    19678.949
377  TNe+G4        9760.054     20  19560.109    19560.482    19674.704
378  TNe+I+G4      9755.637     21  19553.273    19553.684    19673.598
388  TNe+I+I+R2    9755.143     22  19554.287    19554.736    19680.341
398  HKY+F+I       9739.304     22  19522.608    19523.057    19648.662
399  HKY+F+G4      9738.971     22  19521.942    19522.392    19647.997
400  HKY+F+I+G4    9735.467     23  19516.933    19517.424    19648.717
410  HKY+F+I+I+R2  9732.470     24  19512.940    19513.473    19650.453
420  K2P+I         9783.927     19  19605.855    19606.192    19714.720
421  K2P+G4        9779.505     19  19597.009    19597.346    19705.874
422  K2P+I+G4      9776.881     20  19593.762    19594.134    19708.356
432  K2P+I+I+R2    9775.529     21  19593.058    19593.468    19713.382
442  F81+F+I       10223.234    21  20488.468    20488.878    20608.792
443  F81+F+G4      10231.568    21  20505.137    20505.547    20625.461
444  F81+F+I+G4    10222.478    22  20488.957    20489.406    20615.011
454  F81+F+I+I+R2  10223.630    23  20493.260    20493.750    20625.043
464  JC+I          10243.361    18  20522.723    20523.026    20625.858
465  JC+G4         10246.887    18  20529.773    20530.076    20632.908
466  JC+I+G4       10243.181    19  20524.362    20524.699    20633.227
476  JC+I+I+R2     10241.734    20  20523.468    20523.840    20638.063
Akaike Information Criterion:           GTR+F+I+I+R2
Corrected Akaike Information Criterion: TIM3+F+I+G4
Bayesian Information Criterion:         TIM3+F+I+G4
Best-fit model: TIM3+F+I+G4 chosen according to BIC

All model information printed to SUP35_aligned_trimmed.fsa.model.gz
CPU time for ModelFinder: 3.131 seconds (0h:0m:3s)
Wall-clock time for ModelFinder: 3.179 seconds (0h:0m:3s)

NOTE: 0 MB RAM (0 GB) is required!
Estimate model parameters (epsilon = 0.010)
Thoroughly optimizing +I+G parameters from 10 start values...
Init pinv, alpha: 0.000, 1.068 / Estimate: 0.000, 0.429 / LogL: -9690.480
Init pinv, alpha: 0.064, 1.068 / Estimate: 0.064, 0.496 / LogL: -9690.088
Init pinv, alpha: 0.128, 1.068 / Estimate: 0.246, 0.863 / LogL: -9686.942
Init pinv, alpha: 0.192, 1.068 / Estimate: 0.384, 1.959 / LogL: -9683.378
Init pinv, alpha: 0.256, 1.068 / Estimate: 0.384, 1.960 / LogL: -9683.379
Init pinv, alpha: 0.320, 1.068 / Estimate: 0.384, 1.965 / LogL: -9683.374
Init pinv, alpha: 0.384, 1.068 / Estimate: 0.390, 2.074 / LogL: -9683.333
Init pinv, alpha: 0.449, 1.068 / Estimate: 0.402, 2.353 / LogL: -9683.348
Init pinv, alpha: 0.513, 1.068 / Estimate: 0.403, 2.382 / LogL: -9683.361
Init pinv, alpha: 0.577, 1.068 / Estimate: 0.402, 2.372 / LogL: -9683.357
Optimal pinv,alpha: 0.390, 2.074 / LogL: -9683.333

Parameters optimization took 1.994 sec
Wrote distance file to... 
BEST SCORE FOUND : -9683.333
Total tree length: 1.483

Total number of iterations: 0
CPU time used for tree search: 0.000 sec (0h:0m:0s)
Wall-clock time used for tree search: 0.000 sec (0h:0m:0s)
Total CPU time used: 1.998 sec (0h:0m:1s)
Total wall-clock time used: 2.006 sec (0h:0m:2s)

Analysis results written to: 
  IQ-TREE report:                SUP35_aligned_trimmed.fsa.iqtree
  Tree used for ModelFinder:     SUP35_aligned_trimmed.fsa.treefile
  Screen log file:               SUP35_aligned_trimmed.fsa.log

ALISIM COMMAND
--------------
--alisim simulated_MSA -t SUP35_aligned_trimmed.fsa.treefile -m "TIM3{1.66365,5.70283,14.373}+F{0.342263,0.193871,0.225004,0.238862}+I{0.390421}+G4{2.07367}" --length 2275

Date and Time: Sat Feb 25 20:41:11 2023
