IQ-TREE multicore version 2.2.0.3 COVID-edition for Linux 64-bit built Aug  2 2022
Developed by Bui Quang Minh, James Barbetti, Nguyen Lam Tung,
Olga Chernomor, Heiko Schmidt, Dominik Schrempf, Michael Woodhams, Ly Trong Nhan.

Host:    paul-valery (AVX2, FMA3, 7 GB RAM)
Command: iqtree2 -s SUP35_muscle_trim.fa --ufboot 1000
Seed:    835486 (Using SPRNG - Scalable Parallel Random Number Generator)
Time:    Sun Feb 26 01:40:49 2023
Kernel:  AVX+FMA - 1 threads (4 CPU cores detected)

HINT: Use -nt option to specify number of threads because your CPU has 4 cores!
HINT: -nt AUTO will automatically determine the best number of threads to use.

Reading alignment file SUP35_muscle_trim.fa ... Fasta format detected
Reading fasta file: done in 0.00276208 secs using 83.78% CPU
Alignment most likely contains DNA/RNA sequences
Constructing alignment: done in 0.010401 secs using 37.88% CPU
Alignment has 10 sequences with 2019 columns, 556 distinct patterns
511 parsimony-informative, 402 singleton sites, 1106 constant sites
                                        Gap/Ambiguity  Composition  p-value
Analyzing sequences: done in 9.29832e-05 secs
   1  SUP35_Agos_ATCC_10895_NM_211584           3.81%    failed      0.00%
   2  SUP35_Kla_AB039749                        4.21%    passed     48.04%
   3  SUP35_Skud_IFO1802T_36                    0.45%    passed     96.70%
   4  SUP35_Seub_CBS12357_chr_II_IV_DF968535    0.00%    passed     53.74%
   5  SUP35_Sarb_H-6_chrXIII_CM001575           0.15%    passed     59.76%
   6  SUP35_Smik_IFO1815T_30                    0.00%    passed     75.47%
   7  SUP35_Spar_A12_Liti                       0.00%    passed     56.45%
   8  SUP35_Scer_74-D694_GCA_001578265.1        0.00%    passed     95.56%
   9  SUP35_Sbou_unique28_CM003560              0.00%    passed     94.29%
  10  SUP35_Scer_beer078_CM005938               1.49%    passed     93.13%
****  TOTAL                                     1.01%  1 sequences failed composition chi2 test (p-value<5%; df=3)
Checking for duplicate sequences: done in 0.000168085 secs


Create initial parsimony tree by phylogenetic likelihood library (PLL)... 0.002 seconds
Perform fast likelihood tree search using GTR+I+G model...
Estimate model parameters (epsilon = 5.000)
Perform nearest neighbor interchange...
Optimizing NNI: done in 0.0141931 secs using 95.88% CPU
Estimate model parameters (epsilon = 1.000)
1. Initial log-likelihood: -9168.957
Optimal log-likelihood: -9168.788
Rate parameters:  A-C: 2.21368  A-G: 7.57083  A-T: 1.56155  C-G: 2.29919  C-T: 19.54016  G-T: 1.00000
Base frequencies:  A: 0.342  C: 0.192  G: 0.225  T: 0.241
Proportion of invariable sites: 0.269
Gamma shape alpha: 0.941
Parameters optimization took 1 rounds (0.010 sec)
Time for fast ML tree search: 0.140 seconds

NOTE: ModelFinder requires 3 MB RAM!
ModelFinder will test up to 484 DNA models (sample size: 2019) ...
 No. Model         -LnL         df  AIC          AICc         BIC
  1  GTR+F         9441.209     25  18932.417    18933.069    19072.676
  2  GTR+F+I       9175.565     26  18403.129    18403.834    18548.999
  3  GTR+F+G4      9172.418     26  18396.836    18397.540    18542.705
  4  GTR+F+I+G4    9168.643     27  18391.286    18392.046    18542.766
  5  GTR+F+R2      9173.395     27  18400.790    18401.550    18552.270
  6  GTR+F+R3      9170.060     29  18398.119    18398.994    18560.819
 14  GTR+F+I+I+R2  9167.157     28  18390.313    18391.130    18547.403
 15  GTR+F+I+I+R3  9166.250     30  18392.500    18393.435    18560.811
 24  SYM+I         9232.168     23  18510.336    18510.889    18639.374
 25  SYM+G4        9228.085     23  18502.171    18502.724    18631.209
 26  SYM+I+G4      9225.247     24  18498.494    18499.096    18633.142
 27  SYM+R2        9224.101     24  18496.203    18496.804    18630.851
 36  SYM+I+I+R2    9224.103     25  18498.206    18498.858    18638.465
 46  TVM+F+I       9218.788     25  18487.576    18488.228    18627.835
 47  TVM+F+G4      9216.332     25  18482.664    18483.316    18622.923
 48  TVM+F+I+G4    9214.232     26  18480.463    18481.168    18626.332
 49  TVM+F+R2      9217.328     26  18486.656    18487.361    18632.525
 58  TVM+F+I+I+R2  9210.857     27  18475.715    18476.474    18627.194
 68  TVMe+I        9254.482     22  18552.965    18553.472    18676.393
 69  TVMe+G4       9246.816     22  18537.632    18538.139    18661.060
 70  TVMe+I+G4     9245.585     23  18537.171    18537.724    18666.209
 71  TVMe+R2       9243.936     23  18533.872    18534.426    18662.911
 80  TVMe+I+I+R2   9243.613     24  18535.226    18535.827    18669.874
 90  TIM3+F+I      9177.218     24  18402.436    18403.038    18537.084
 91  TIM3+F+G4     9174.117     24  18396.235    18396.837    18530.883
 92  TIM3+F+I+G4   9170.285     25  18390.571    18391.223    18530.830
 93  TIM3+F+R2     9175.163     25  18400.327    18400.979    18540.586
102  TIM3+F+I+I+R2 9168.995     26  18389.991    18390.695    18535.860
112  TIM3e+I       9241.014     21  18524.029    18524.492    18641.846
113  TIM3e+G4      9237.920     21  18517.840    18518.302    18635.657
114  TIM3e+I+G4    9234.562     22  18513.124    18513.631    18636.552
115  TIM3e+R2      9233.693     22  18511.387    18511.894    18634.815
124  TIM3e+I+I+R2  9233.688     23  18513.377    18513.930    18642.415
134  TIM2+F+I      9179.409     24  18406.818    18407.420    18541.467
135  TIM2+F+G4     9178.570     24  18405.141    18405.743    18539.789
136  TIM2+F+I+G4   9174.443     25  18398.886    18399.538    18539.145
137  TIM2+F+R2     9179.417     25  18408.834    18409.486    18549.093
146  TIM2+F+I+I+R2 9172.786     26  18397.571    18398.276    18543.440
156  TIM2e+I       9234.615     21  18511.230    18511.692    18629.047
157  TIM2e+G4      9230.424     21  18502.849    18503.312    18620.666
158  TIM2e+I+G4    9227.456     22  18498.912    18499.419    18622.340
159  TIM2e+R2      9226.673     22  18497.347    18497.854    18620.775
168  TIM2e+I+I+R2  9226.612     23  18499.224    18499.777    18628.262
178  TIM+F+I       9179.930     24  18407.859    18408.461    18542.508
179  TIM+F+G4      9179.293     24  18406.587    18407.189    18541.235
180  TIM+F+I+G4    9175.098     25  18400.196    18400.849    18540.455
181  TIM+F+R2      9180.177     25  18410.354    18411.006    18550.613
190  TIM+F+I+I+R2  9173.446     26  18398.892    18399.597    18544.761
200  TIMe+I        9241.024     21  18524.047    18524.510    18641.865
201  TIMe+G4       9238.631     21  18519.263    18519.725    18637.080
202  TIMe+I+G4     9235.266     22  18514.532    18515.039    18637.959
203  TIMe+R2       9234.137     22  18512.274    18512.781    18635.702
212  TIMe+I+I+R2   9234.182     23  18514.364    18514.918    18643.402
222  TPM3u+F+I     9220.740     23  18487.480    18488.033    18616.518
223  TPM3u+F+G4    9217.885     23  18481.771    18482.324    18610.809
224  TPM3u+F+I+G4  9215.562     24  18479.125    18479.727    18613.773
225  TPM3u+F+R2    9219.185     24  18486.369    18486.971    18621.018
234  TPM3u+F+I+I+R2 9212.716     25  18475.431    18476.083    18615.690
244  TPM3+I        9263.207     20  18566.415    18566.835    18678.622
245  TPM3+G4       9257.688     20  18555.376    18555.797    18667.583
246  TPM3+I+G4     9255.929     21  18553.858    18554.321    18671.675
247  TPM3+R2       9254.640     21  18551.281    18551.743    18669.098
256  TPM3+I+I+R2   9254.323     22  18552.646    18553.153    18676.074
266  TPM2u+F+I     9222.997     23  18491.994    18492.548    18621.033
267  TPM2u+F+G4    9221.697     23  18489.393    18489.947    18618.432
268  TPM2u+F+I+G4  9219.366     24  18486.733    18487.334    18621.381
269  TPM2u+F+R2    9222.666     24  18493.332    18493.933    18627.980
278  TPM2u+F+I+I+R2 9215.952     25  18481.904    18482.556    18622.163
288  TPM2+I        9257.083     20  18554.167    18554.587    18666.374
289  TPM2+G4       9249.206     20  18538.412    18538.833    18650.619
290  TPM2+I+G4     9247.851     21  18537.702    18538.165    18655.520
291  TPM2+R2       9246.451     21  18534.903    18535.365    18652.720
300  TPM2+I+I+R2   9246.156     22  18536.311    18536.818    18659.739
310  K3Pu+F+I      9223.586     23  18493.171    18493.725    18622.209
311  K3Pu+F+G4     9222.347     23  18490.694    18491.247    18619.732
312  K3Pu+F+I+G4   9219.915     24  18487.831    18488.433    18622.479
313  K3Pu+F+R2     9223.491     24  18494.983    18495.585    18629.631
322  K3Pu+F+I+I+R2 9216.597     25  18483.195    18483.847    18623.454
332  K3P+I         9263.133     20  18566.266    18566.686    18678.473
333  K3P+G4        9258.496     20  18556.993    18557.413    18669.200
334  K3P+I+G4      9256.609     21  18555.218    18555.681    18673.035
335  K3P+R2        9255.180     21  18552.361    18552.823    18670.178
344  K3P+I+I+R2    9254.901     22  18553.801    18554.308    18677.229
354  TN+F+I        9180.127     23  18406.254    18406.808    18535.293
355  TN+F+G4       9179.376     23  18404.752    18405.305    18533.790
356  TN+F+I+G4     9175.188     24  18398.375    18398.977    18533.024
357  TN+F+R2       9180.217     24  18408.434    18409.036    18543.082
366  TN+F+I+I+R2   9173.580     25  18397.159    18397.812    18537.418
376  TNe+I         9241.961     20  18523.922    18524.342    18636.129
377  TNe+G4        9239.137     20  18518.274    18518.695    18630.481
378  TNe+I+G4      9235.722     21  18513.445    18513.908    18631.262
379  TNe+R2        9234.850     21  18511.700    18512.162    18629.517
388  TNe+I+I+R2    9234.848     22  18513.695    18514.202    18637.123
398  HKY+F+I       9223.786     22  18491.573    18492.080    18615.000
399  HKY+F+G4      9222.396     22  18488.793    18489.300    18612.221
400  HKY+F+I+G4    9219.967     23  18485.933    18486.487    18614.972
401  HKY+F+R2      9223.568     23  18493.136    18493.689    18622.174
410  HKY+F+I+I+R2  9216.695     24  18481.390    18481.991    18616.038
420  K2P+I         9264.175     19  18566.351    18566.731    18672.947
421  K2P+G4        9258.987     19  18555.975    18556.355    18662.572
422  K2P+I+G4      9257.146     20  18554.292    18554.713    18666.500
423  K2P+R2        9255.876     20  18551.752    18552.172    18663.959
432  K2P+I+I+R2    9255.548     21  18553.096    18553.558    18670.913
442  F81+F+I       9703.578     21  19449.156    19449.619    19566.974
443  F81+F+G4      9711.450     21  19464.901    19465.363    19582.718
444  F81+F+I+G4    9702.728     22  19449.456    19449.963    19572.884
445  F81+F+R2      9707.242     22  19458.485    19458.992    19581.913
454  F81+F+I+I+R2  9703.658     23  19453.316    19453.870    19582.355
464  JC+I          9718.654     18  19473.307    19473.649    19574.294
465  JC+G4         9721.727     18  19479.454    19479.796    19580.440
466  JC+I+G4       9718.921     19  19475.843    19476.223    19582.440
467  JC+R2         9716.637     19  19471.274    19471.654    19577.871
476  JC+I+I+R2     9716.865     20  19473.730    19474.150    19585.937
Akaike Information Criterion:           TIM3+F+I+I+R2
Corrected Akaike Information Criterion: TIM3+F+I+I+R2
Bayesian Information Criterion:         TIM3+F+I+G4
Best-fit model: TIM3+F+I+G4 chosen according to BIC

All model information printed to SUP35_muscle_trim.fa.model.gz
CPU time for ModelFinder: 4.047 seconds (0h:0m:4s)
Wall-clock time for ModelFinder: 4.121 seconds (0h:0m:4s)
Generating 1000 samples for ultrafast bootstrap (seed: 835486)...

NOTE: 2 MB RAM (0 GB) is required!
Estimate model parameters (epsilon = 0.100)
Thoroughly optimizing +I+G parameters from 10 start values...
Init pinv, alpha: 0.000, 0.948 / Estimate: 0.000, 0.423 / LogL: -9174.123
Init pinv, alpha: 0.061, 0.948 / Estimate: 0.061, 0.487 / LogL: -9173.840
Init pinv, alpha: 0.122, 0.948 / Estimate: 0.123, 0.571 / LogL: -9173.209
Init pinv, alpha: 0.183, 0.948 / Estimate: 0.187, 0.687 / LogL: -9172.192
Init pinv, alpha: 0.243, 0.948 / Estimate: 0.250, 0.859 / LogL: -9170.864
Init pinv, alpha: 0.304, 0.948 / Estimate: 0.313, 1.139 / LogL: -9169.253
Init pinv, alpha: 0.365, 0.948 / Estimate: 0.375, 1.699 / LogL: -9167.803
Init pinv, alpha: 0.426, 0.948 / Estimate: 0.413, 2.451 / LogL: -9167.747
Init pinv, alpha: 0.487, 0.948 / Estimate: 0.416, 2.591 / LogL: -9167.816
Init pinv, alpha: 0.548, 0.948 / Estimate: 0.416, 2.606 / LogL: -9167.823
Optimal pinv,alpha: 0.413, 2.451 / LogL: -9167.747

Parameters optimization took 0.461 sec
Wrote distance file to... 
Computing ML distances based on estimated model parameters...
Calculating distance matrix: done in 0.00119305 secs using 98.57% CPU
Computing ML distances took 0.001370 sec (of wall-clock time) 0.001365 sec (of CPU time)
Setting up auxiliary I and S matrices: done in 5.50747e-05 secs using 94.42% CPU
Constructing RapidNJ tree: done in 7.08103e-05 secs using 96.03% CPU
Computing RapidNJ tree took 0.000190 sec (of wall-clock time) 0.000187 sec (of CPU time)
Log-likelihood of RapidNJ tree: -9168.443
--------------------------------------------------------------------
|             INITIALIZING CANDIDATE TREE SET                      |
--------------------------------------------------------------------
Generating 98 parsimony trees... 0.126 second
Computing log-likelihood of 86 initial trees ... 0.145 seconds
Current best score: -9167.747

Do NNI search on 20 best initial trees
Optimizing NNI: done in 0.00824404 secs using 99.9% CPU
Estimate model parameters (epsilon = 0.100)
BETTER TREE FOUND at iteration 1: -9167.712
Optimizing NNI: done in 0.0151229 secs using 99.85% CPU
Optimizing NNI: done in 0.028343 secs using 99.98% CPU
Optimizing NNI: done in 0.0277319 secs using 99.96% CPU
Optimizing NNI: done in 0.02685 secs using 99.97% CPU
Optimizing NNI: done in 0.0261729 secs using 99.99% CPU
Optimizing NNI: done in 0.02266 secs using 99.94% CPU
Optimizing NNI: done in 0.0167348 secs using 99.97% CPU
Optimizing NNI: done in 0.0196669 secs using 99.95% CPU
Optimizing NNI: done in 0.0196481 secs using 99.97% CPU
Iteration 10 / LogL: -9167.944 / Time: 0h:0m:1s
Optimizing NNI: done in 0.016953 secs using 99.84% CPU
Optimizing NNI: done in 0.0333381 secs using 99.98% CPU
Optimizing NNI: done in 0.0339859 secs using 99.98% CPU
Optimizing NNI: done in 0.0334551 secs using 99.98% CPU
Optimizing NNI: done in 0.0309629 secs using 99.95% CPU
Optimizing NNI: done in 0.027529 secs using 99.99% CPU
Optimizing NNI: done in 0.025377 secs using 99.98% CPU
Optimizing NNI: done in 0.0317929 secs using 99.93% CPU
Optimizing NNI: done in 0.0281012 secs using 99.97% CPU
Optimizing NNI: done in 0.0331421 secs using 99.95% CPU
Iteration 20 / LogL: -9167.784 / Time: 0h:0m:1s
Finish initializing candidate tree set (1)
Current best tree score: -9167.712 / CPU time: 0.799
Number of iterations: 20
--------------------------------------------------------------------
|               OPTIMIZING CANDIDATE TREE SET                      |
--------------------------------------------------------------------
Optimizing NNI: done in 0.0305941 secs using 99.98% CPU
Optimizing NNI: done in 0.0300488 secs using 99.98% CPU
Optimizing NNI: done in 0.0247841 secs using 99.98% CPU
Optimizing NNI: done in 0.0346282 secs using 99.99% CPU
Optimizing NNI: done in 0.0212412 secs using 99.98% CPU
Optimizing NNI: done in 0.0243819 secs using 99.89% CPU
Optimizing NNI: done in 0.0158229 secs using 99.89% CPU
UPDATE BEST LOG-LIKELIHOOD: -9167.712
Optimizing NNI: done in 0.0282979 secs using 99.97% CPU
Optimizing NNI: done in 0.0124969 secs using 99.96% CPU
UPDATE BEST LOG-LIKELIHOOD: -9167.712
Optimizing NNI: done in 0.026958 secs using 99.99% CPU
Iteration 30 / LogL: -9167.818 / Time: 0h:0m:1s (0h:0m:4s left)
Optimizing NNI: done in 0.0275941 secs using 99.95% CPU
Optimizing NNI: done in 0.0188181 secs using 99.97% CPU
Optimizing NNI: done in 0.0385599 secs using 99.97% CPU
Optimizing NNI: done in 0.0378189 secs using 99.99% CPU
Optimizing NNI: done in 0.0318592 secs using 99.98% CPU
Optimizing NNI: done in 0.0138431 secs using 99.96% CPU
Optimizing NNI: done in 0.024513 secs using 99.84% CPU
Optimizing NNI: done in 0.0206208 secs using 99.98% CPU
Optimizing NNI: done in 0.0219269 secs using 99.98% CPU
Optimizing NNI: done in 0.011548 secs using 99.96% CPU
Iteration 40 / LogL: -9167.778 / Time: 0h:0m:1s (0h:0m:3s left)
Optimizing NNI: done in 0.021023 secs using 99.98% CPU
Optimizing NNI: done in 0.0205722 secs using 99.97% CPU
Optimizing NNI: done in 0.021657 secs using 99.94% CPU
Optimizing NNI: done in 0.0155509 secs using 99.94% CPU
Optimizing NNI: done in 0.0203431 secs using 99.98% CPU
Optimizing NNI: done in 0.0189829 secs using 99.97% CPU
Optimizing NNI: done in 0.0121942 secs using 99.97% CPU
Optimizing NNI: done in 0.0157011 secs using 99.97% CPU
Optimizing NNI: done in 0.014385 secs using 99.96% CPU
Optimizing NNI: done in 0.017127 secs using 99.85% CPU
Iteration 50 / LogL: -9218.367 / Time: 0h:0m:2s (0h:0m:2s left)
Log-likelihood cutoff on original alignment: -9186.181
Optimizing NNI: done in 0.0278261 secs using 99.92% CPU
Optimizing NNI: done in 0.0246751 secs using 99.98% CPU
Optimizing NNI: done in 0.0128381 secs using 99.94% CPU
Optimizing NNI: done in 0.012043 secs using 99.97% CPU
Optimizing NNI: done in 0.0124888 secs using 99.97% CPU
Optimizing NNI: done in 0.0236681 secs using 99.98% CPU
Optimizing NNI: done in 0.0127959 secs using 99.96% CPU
Optimizing NNI: done in 0.0144939 secs using 99.97% CPU
Optimizing NNI: done in 0.02812 secs using 99.97% CPU
Optimizing NNI: done in 0.024199 secs using 99.96% CPU
Iteration 60 / LogL: -9167.795 / Time: 0h:0m:2s (0h:0m:1s left)
Optimizing NNI: done in 0.0186369 secs using 99.9% CPU
Optimizing NNI: done in 0.011893 secs using 99.96% CPU
Optimizing NNI: done in 0.0107069 secs using 99.93% CPU
Optimizing NNI: done in 0.00784802 secs using 99.96% CPU
Optimizing NNI: done in 0.0156481 secs using 99.97% CPU
Optimizing NNI: done in 0.022861 secs using 99.97% CPU
Optimizing NNI: done in 0.022573 secs using 99.96% CPU
Optimizing NNI: done in 0.0141621 secs using 99.98% CPU
Optimizing NNI: done in 0.018857 secs using 99.95% CPU
Optimizing NNI: done in 0.021924 secs using 99.96% CPU
Iteration 70 / LogL: -9167.792 / Time: 0h:0m:2s (0h:0m:1s left)
Optimizing NNI: done in 0.019254 secs using 99.97% CPU
Optimizing NNI: done in 0.015142 secs using 99.93% CPU
Optimizing NNI: done in 0.0114381 secs using 99.9% CPU
Optimizing NNI: done in 0.00939894 secs using 99.96% CPU
Optimizing NNI: done in 0.016346 secs using 99.97% CPU
Optimizing NNI: done in 0.0133591 secs using 99.97% CPU
Optimizing NNI: done in 0.0118868 secs using 99.97% CPU
Optimizing NNI: done in 0.0208111 secs using 99.98% CPU
Optimizing NNI: done in 0.0194731 secs using 99.98% CPU
Optimizing NNI: done in 0.0176799 secs using 99.97% CPU
Iteration 80 / LogL: -9217.951 / Time: 0h:0m:2s (0h:0m:0s left)
Optimizing NNI: done in 0.0325501 secs using 99.99% CPU
Optimizing NNI: done in 0.0272911 secs using 99.98% CPU
Optimizing NNI: done in 0.021301 secs using 99.95% CPU
Optimizing NNI: done in 0.0167899 secs using 99.98% CPU
Optimizing NNI: done in 0.016717 secs using 99.93% CPU
Optimizing NNI: done in 0.0125961 secs using 99.96% CPU
Optimizing NNI: done in 0.0179498 secs using 99.97% CPU
Optimizing NNI: done in 0.0243509 secs using 99.98% CPU
Optimizing NNI: done in 0.00876904 secs using 99.97% CPU
Optimizing NNI: done in 0.014153 secs using 99.95% CPU
Iteration 90 / LogL: -9218.163 / Time: 0h:0m:3s (0h:0m:0s left)
Optimizing NNI: done in 0.0105081 secs using 99.82% CPU
Optimizing NNI: done in 0.015413 secs using 99.98% CPU
Optimizing NNI: done in 0.0100689 secs using 99.98% CPU
Optimizing NNI: done in 0.0202041 secs using 99.91% CPU
Optimizing NNI: done in 0.0272791 secs using 99.98% CPU
Optimizing NNI: done in 0.0135591 secs using 99.98% CPU
Optimizing NNI: done in 0.011055 secs using 99.96% CPU
Optimizing NNI: done in 0.0126822 secs using 99.94% CPU
Optimizing NNI: done in 0.0199809 secs using 99.97% CPU
Optimizing NNI: done in 0.0401771 secs using 99.98% CPU
Iteration 100 / LogL: -9167.788 / Time: 0h:0m:3s (0h:0m:0s left)
Log-likelihood cutoff on original alignment: -9186.181
NOTE: Bootstrap correlation coefficient of split occurrence frequencies: 1.000
Optimizing NNI: done in 0.0175691 secs using 99.97% CPU
Optimizing NNI: done in 0.018559 secs using 99.97% CPU
TREE SEARCH COMPLETED AFTER 102 ITERATIONS / Time: 0h:0m:3s

--------------------------------------------------------------------
|                    FINALIZING TREE SEARCH                        |
--------------------------------------------------------------------
Performs final model parameters optimization
Estimate model parameters (epsilon = 0.010)
1. Initial log-likelihood: -9167.712
2. Current log-likelihood: -9167.684
3. Current log-likelihood: -9167.661
4. Current log-likelihood: -9167.646
5. Current log-likelihood: -9167.635
Optimal log-likelihood: -9167.626
Rate parameters:  A-C: 1.64335  A-G: 5.66550  A-T: 1.00000  C-G: 1.64335  C-T: 14.34510  G-T: 1.00000
Base frequencies:  A: 0.342  C: 0.192  G: 0.225  T: 0.241
Proportion of invariable sites: 0.404
Gamma shape alpha: 2.243
Parameters optimization took 5 rounds (0.022 sec)
BEST SCORE FOUND : -9167.626
Creating bootstrap support values...
Split supports printed to NEXUS file SUP35_muscle_trim.fa.splits.nex
Total tree length: 1.433

Total number of iterations: 102
CPU time used for tree search: 3.169 sec (0h:0m:3s)
Wall-clock time used for tree search: 2.995 sec (0h:0m:2s)
Total CPU time used: 3.770 sec (0h:0m:3s)
Total wall-clock time used: 3.592 sec (0h:0m:3s)

Computing bootstrap consensus tree...
Reading input file SUP35_muscle_trim.fa.splits.nex...
10 taxa and 30 splits.
Consensus tree written to SUP35_muscle_trim.fa.contree
Reading input trees file SUP35_muscle_trim.fa.contree
Log-likelihood of consensus tree: -9167.626

Analysis results written to: 
  IQ-TREE report:                SUP35_muscle_trim.fa.iqtree
  Maximum-likelihood tree:       SUP35_muscle_trim.fa.treefile
  Likelihood distances:          SUP35_muscle_trim.fa.mldist

Ultrafast bootstrap approximation results written to:
  Split support values:          SUP35_muscle_trim.fa.splits.nex
  Consensus tree:                SUP35_muscle_trim.fa.contree
  Screen log file:               SUP35_muscle_trim.fa.log

ALISIM COMMAND
--------------
--alisim simulated_MSA -t SUP35_muscle_trim.fa.treefile -m "TIM3{1.64335,5.6655,14.3451}+F{0.341989,0.191934,0.224657,0.241419}+I{0.403632}+G4{2.24318}" --length 2019

Date and Time: Sun Feb 26 01:40:57 2023
