#
#model:
#
#<?xml version="1.0" encoding="UTF-8" standalone="no"?><input id="posterior" spec="beast.base.inference.CompoundDistribution">
#    <distribution id="prior" spec="beast.base.inference.CompoundDistribution">
#        <distribution id="BayesianSkyline.t:sequences" spec="beast.base.evolution.tree.coalescent.BayesianSkyline">
#            <parameter dimension="4" id="bPopSizes.t:sequences" lower="0.0" name="popSizes" spec="beast.base.inference.parameter.RealParameter">380.0</parameter>
#            <groupSizes dimension="4" id="bGroupSizes.t:sequences" spec="beast.base.inference.parameter.IntegerParameter">1</groupSizes>
#            <treeIntervals id="BSPTreeIntervals.t:sequences" spec="beast.base.evolution.tree.TreeIntervals">
#                <tree id="Tree.t:sequences" spec="beast.base.evolution.tree.Tree">
#                    <taxonset id="TaxonSet.sequences" spec="beast.base.evolution.alignment.TaxonSet">
#                    </taxonset>
#                </tree>
#            </treeIntervals>
#        </distribution>
#        <distribution id="MarkovChainedPopSizes.t:sequences" jeffreys="true" parameter="@bPopSizes.t:sequences" spec="beast.base.inference.distribution.MarkovChainDistribution"/>
#        <prior id="FrequenciesPrior.s:sequences" name="distribution">
#            <parameter dimension="4" id="freqParameter.s:sequences" lower="0.0" name="x" spec="beast.base.inference.parameter.RealParameter" upper="1.0">0.25</parameter>
#            <distr id="Dirichlet.0" spec="beast.base.inference.distribution.Dirichlet">
#                <parameter dimension="4" estimate="false" id="RealParameter.13" name="alpha" spec="beast.base.inference.parameter.RealParameter">4.0 4.0 4.0 4.0</parameter>
#            </distr>
#        </prior>
#        <prior id="GammaShapePrior.s:sequences" name="distribution">
#            <parameter id="gammaShape.s:sequences" lower="0.1" name="x" spec="beast.base.inference.parameter.RealParameter">1.0</parameter>
#            <Exponential id="Exponential.0" name="distr">
#                <parameter estimate="false" id="RealParameter.0" name="mean" spec="beast.base.inference.parameter.RealParameter">1.0</parameter>
#            </Exponential>
#        </prior>
#        <prior id="RateACPrior.s:sequences" name="distribution">
#            <parameter id="rateAC.s:sequences" lower="0.0" name="x" spec="beast.base.inference.parameter.RealParameter">1.0</parameter>
#            <Gamma id="Gamma.0" name="distr">
#                <parameter estimate="false" id="RealParameter.1" name="alpha" spec="beast.base.inference.parameter.RealParameter">0.05</parameter>
#                <parameter estimate="false" id="RealParameter.2" name="beta" spec="beast.base.inference.parameter.RealParameter">10.0</parameter>
#            </Gamma>
#        </prior>
#        <prior id="RateAGPrior.s:sequences" name="distribution">
#            <parameter id="rateAG.s:sequences" lower="0.0" name="x" spec="beast.base.inference.parameter.RealParameter">1.0</parameter>
#            <Gamma id="Gamma.1" name="distr">
#                <parameter estimate="false" id="RealParameter.3" name="alpha" spec="beast.base.inference.parameter.RealParameter">0.05</parameter>
#                <parameter estimate="false" id="RealParameter.4" name="beta" spec="beast.base.inference.parameter.RealParameter">20.0</parameter>
#            </Gamma>
#        </prior>
#        <prior id="RateATPrior.s:sequences" name="distribution">
#            <parameter id="rateAT.s:sequences" lower="0.0" name="x" spec="beast.base.inference.parameter.RealParameter">1.0</parameter>
#            <Gamma id="Gamma.2" name="distr">
#                <parameter estimate="false" id="RealParameter.5" name="alpha" spec="beast.base.inference.parameter.RealParameter">0.05</parameter>
#                <parameter estimate="false" id="RealParameter.6" name="beta" spec="beast.base.inference.parameter.RealParameter">10.0</parameter>
#            </Gamma>
#        </prior>
#        <prior id="RateCGPrior.s:sequences" name="distribution">
#            <parameter id="rateCG.s:sequences" lower="0.0" name="x" spec="beast.base.inference.parameter.RealParameter">1.0</parameter>
#            <Gamma id="Gamma.3" name="distr">
#                <parameter estimate="false" id="RealParameter.7" name="alpha" spec="beast.base.inference.parameter.RealParameter">0.05</parameter>
#                <parameter estimate="false" id="RealParameter.8" name="beta" spec="beast.base.inference.parameter.RealParameter">10.0</parameter>
#            </Gamma>
#        </prior>
#        <prior id="RateGTPrior.s:sequences" name="distribution">
#            <parameter id="rateGT.s:sequences" lower="0.0" name="x" spec="beast.base.inference.parameter.RealParameter">1.0</parameter>
#            <Gamma id="Gamma.5" name="distr">
#                <parameter estimate="false" id="RealParameter.11" name="alpha" spec="beast.base.inference.parameter.RealParameter">0.05</parameter>
#                <parameter estimate="false" id="RealParameter.12" name="beta" spec="beast.base.inference.parameter.RealParameter">10.0</parameter>
#            </Gamma>
#        </prior>
#    </distribution>
#    <distribution id="likelihood" spec="beast.base.inference.CompoundDistribution" useThreads="true">
#        <distribution data="@sequences" id="treeLikelihood.sequences" spec="beast.base.evolution.likelihood.ThreadedTreeLikelihood" tree="@Tree.t:sequences">
#            <siteModel gammaCategoryCount="4" id="SiteModel.s:sequences" shape="@gammaShape.s:sequences" spec="beast.base.evolution.sitemodel.SiteModel">
#                <parameter estimate="false" id="mutationRate.s:sequences" lower="0.0" name="mutationRate" spec="beast.base.inference.parameter.RealParameter">1.0</parameter>
#                <parameter estimate="false" id="proportionInvariant.s:sequences" lower="0.0" name="proportionInvariant" spec="beast.base.inference.parameter.RealParameter" upper="1.0">0.0</parameter>
#                <substModel id="gtr.s:sequences" rateAC="@rateAC.s:sequences" rateAG="@rateAG.s:sequences" rateAT="@rateAT.s:sequences" rateCG="@rateCG.s:sequences" rateGT="@rateGT.s:sequences" spec="beast.base.evolution.substitutionmodel.GTR">
#                    <parameter estimate="false" id="rateCT.s:sequences" lower="0.0" name="rateCT" spec="beast.base.inference.parameter.RealParameter">1.0</parameter>
#                    <frequencies frequencies="@freqParameter.s:sequences" id="estimatedFreqs.s:sequences" spec="beast.base.evolution.substitutionmodel.Frequencies"/>
#                </substModel>
#            </siteModel>
#            <branchRateModel id="StrictClock.c:sequences" spec="beast.base.evolution.branchratemodel.StrictClockModel">
#                <parameter estimate="false" id="clockRate.c:sequences" lower="0.0" name="clock.rate" spec="beast.base.inference.parameter.RealParameter">1.69E-8</parameter>
#            </branchRateModel>
#        </distribution>
#    </distribution>
#</input>
#
Sample	posterior	likelihood	prior	treeLikelihood	Tree.height	Tree.treeLength	rateAC	rateAG	rateAT	rateCG	rateGT	freqParameter.1	freqParameter.2	freqParameter.3	freqParameter.4	BayesianSkyline	bPopSizes.1	bPopSizes.2	bPopSizes.3	bPopSizes.4	bGroupSizes.1	bGroupSizes.2	bGroupSizes.3	bGroupSizes.4	gammaShape
0	-108792.8317867405	-108034.20525451048	-758.6265322300218	-108034.20525451048	3.3511993400350972	14.299250173949366	1.0	1.0	1.0	1.0	1.0	0.25	0.25	0.25	0.25	-719.0578487550947	380.0	380.0	380.0	380.0	31	30	30	30	1.0
8000	-51179.176931782196	-50399.08196742344	-780.0949643587599	-50399.08196742344	3732.7028526562567	8329.695115006065	0.8834887869817576	1.4477895510452876	0.6976361693117532	0.6329459822424601	1.2724443813219395	0.3004602188320848	0.2936812724942288	0.2179817687758803	0.1878767398978062	-741.582793048506	733.79493080006	415.14465863282146	101.34228833605091	133.87034239154542	7	21	40	53	0.8390095082986689
16000	-40405.863744277085	-39383.03476776486	-1022.8289765122269	-39383.03476776486	70118.99881801472	232121.4166113954	0.7422991965398572	3.0824121220759446	0.27887465883038864	0.2133081575832597	0.3918401303353413	0.3255058689049121	0.29084086595448727	0.13534868614613957	0.24830457899446098	-966.5247025553962	2498.3673763622346	494.1983908046132	951.3030482427014	14613.389353218623	37	49	29	6	0.6068849556108598
24000	-34866.36399349641	-33545.95200497691	-1320.4119885194978	-33545.95200497691	107631.84784832985	999764.5227538382	0.23862615140691684	3.0824121220759446	0.03554866811080742	0.09930402059660759	0.2090322605450387	0.3255058689049121	0.29084086595448727	0.13534868614613957	0.24830457899446098	-1259.358840295979	16807.46875012848	2054.752789924512	19905.6093732298	171339.21698941177	18	51	28	24	0.6068849556108598
32000	-32179.315770283687	-30596.633209450512	-1582.6825608331758	-30596.633209450512	148928.64227000205	1997360.1055936033	0.17424093788642933	3.102810553457716	0.07247226231775884	0.0900076910677823	0.08367387881283472	0.2813883264542726	0.34742875546418117	0.1259216828912387	0.24526123519030749	-1524.4304578612446	85686.92298372758	23737.813428326066	119709.31612767451	403250.8203890801	16	34	33	38	0.4729167685374968
40000	-30874.5877761081	-29107.960970183598	-1766.6268059244996	-29107.960970183598	154263.44805720396	2936627.4003139692	0.13972117879333532	2.2995189920124224	0.062390945152723414	0.036407173047196664	0.07703823323963462	0.3027118173177688	0.3108936861860144	0.13835999875679122	0.24803449773942565	-1707.372064316933	418719.85058595514	481597.2876522853	820089.2766187482	484292.5930212955	16	2	2	101	0.44103108770454374
48000	-30312.71362576661	-28514.620474652485	-1798.0931511141248	-28514.620474652485	180522.6943935181	3362590.6558199376	0.13972117879333532	2.0643455848073553	0.062390945152723414	0.036407173047196664	0.07703823323963462	0.3027118173177688	0.3108936861860144	0.13835999875679122	0.24803449773942565	-1737.2587507974984	1267590.457916874	1246967.3851792675	762453.0446585215	341927.55476259126	12	17	36	56	0.44103108770454374
56000	-30191.554156154187	-28389.629559028202	-1801.9245971259845	-28389.629559028202	149988.86363285055	3466351.9000699385	0.047087306485719876	2.0643455848073553	0.03648652843177089	0.0674887544209611	0.01715659844134926	0.3027118173177688	0.3108936861860144	0.13835999875679122	0.24803449773942565	-1743.1456995248338	1420554.937098624	1584690.7926566456	825146.2859155812	367251.00361900876	11	19	38	53	0.1994297032046878
64000	-30159.724848328635	-28365.146289839176	-1794.578558489458	-28365.146289839176	159340.40133232932	3272749.339799585	0.021528109833139516	2.2763304836353764	0.04111314131439459	0.03348743438876879	0.022695941303600448	0.30640663585400985	0.31516857268626775	0.1288605582264189	0.24956423323330354	-1735.3711204935903	4377825.719781143	797055.0302303795	817091.8581220567	454973.3914954732	6	10	52	53	0.20521877375351213
72000	-30126.218583814352	-28327.44102685478	-1798.7775569595738	-28327.44102685478	154402.32347157205	3313327.1360084866	0.021528109833139516	2.2763304836353764	0.04111314131439459	0.03348743438876879	0.022695941303600448	0.30640663585400985	0.31516857268626775	0.1288605582264189	0.24956423323330354	-1737.8810335623746	1144756.709677502	2225059.47668212	3723824.0110754785	294997.71951812855	41	17	2	61	0.10118014440442301
80000	-30128.753952807572	-28342.741040867782	-1786.01291193979	-28342.741040867782	182565.28823341074	3436628.173111051	0.035614708604096226	2.2763304836353764	0.04111314131439459	0.06307681315195986	0.015111223781268668	0.30640663585400985	0.3120836436152432	0.1288605582264189	0.25264916230432805	-1727.0182517140465	1002411.4695311899	1393476.3287246246	119589.92671406457	454570.1436402808	49	6	8	58	0.10118014440442301
88000	-30125.639716424997	-28338.748770227565	-1786.890946197431	-28338.748770227565	145240.97689261482	3257952.850189602	0.035614708604096226	2.2763304836353764	0.04111314131439459	0.06307681315195986	0.03181563986534442	0.3178866679447912	0.3112900000308845	0.1288605582264189	0.24196277379790543	-1729.968919264091	1197410.670532897	314430.98323185166	518415.4607287252	115978.95928180368	49	11	46	15	0.10118014440442301
96000	-30139.171710433915	-28347.898597036976	-1791.2731133969378	-28347.898597036976	143685.2556084438	3400207.054556023	0.04130461861149361	2.2241309179847346	0.03981079933885518	0.059941802924009524	0.03165739080115981	0.3102303278610994	0.31391485326389373	0.12711464606632192	0.24874017280868504	-1735.2851690661362	1173927.409935846	605778.7912169686	223422.5053495663	112685.75883386364	46	47	6	22	0.1
104000	-30134.054224191525	-28333.262861186697	-1800.7913630048272	-28333.262861186697	166987.61509766267	3509325.7690614914	0.023768275687261513	2.3150031698975173	0.04200119156878758	0.05719100223063444	0.033330216966777564	0.3134865753724314	0.3133707024496612	0.12701628506587664	0.24612643711203064	-1742.7177096948876	2029896.142003116	1179333.680172918	457166.8463031707	205650.21654439086	6	56	39	20	0.1
112000	-30136.3177933984	-28336.670755615414	-1799.647037782986	-28336.670755615414	156234.1663416415	3508894.5546744945	0.04175681681550208	2.3735693841338508	0.04409074954147371	0.028606198829980646	0.032316483848892984	0.3138775480819415	0.3145245343815422	0.12895224168468739	0.24264567585182895	-1741.9493687848912	1273715.427191761	999638.2504669589	748283.7401349742	158262.2056156312	7	19	79	16	0.1
120000	-30135.37455920338	-28346.91678272094	-1788.4577764824414	-28346.91678272094	151240.39752302875	3273041.271444213	0.043820931577863764	2.444833092269251	0.042680318898063105	0.07769221039110598	0.011961619160364277	0.3109595010243877	0.31222256567355644	0.12999884768313144	0.2468190856189244	-1728.5002280447175	5935765.188615107	1175730.8815289373	530260.5828924382	226411.73554290304	3	38	63	17	0.10354196266700037
128000	-30141.97263969671	-28342.007518758077	-1799.9651209386338	-28342.007518758077	148831.54232396066	3419587.564915808	0.03857104441829836	2.4359870584081125	0.040591540120617664	0.044363045487842645	0.02216234343545288	0.306257574689076	0.32074395563515656	0.12534436495645648	0.24765410471931112	-1742.4416020088806	1247784.4601450674	976861.3112464738	682953.0898979579	186576.9661659897	23	28	55	15	0.1
136000	-30143.61372188669	-28348.48759319614	-1795.1261286905515	-28348.48759319614	148908.2810604872	3395056.634633401	0.04062977834970777	2.6364603697986433	0.040070477162333196	0.044354459797453255	0.039197320756840896	0.30622765299300364	0.312124318956023	0.13129811547788314	0.2503499125730902	-1737.591003540467	984979.7010484085	1119274.6958929885	485231.36921076564	144893.55139624065	33	17	49	22	0.1010703794156099
144000	-30116.736930251685	-28331.57648094933	-1785.1604493023542	-28331.57648094933	149347.40909941215	3288677.412820712	0.04062977834970777	1.9868165754789373	0.040070477162333196	0.044354459797453255	0.03312193459581367	0.30622765299300364	0.312124318956023	0.13129811547788314	0.2503499125730902	-1731.0677054122243	935114.0760313228	420102.52919219766	174838.25840540414	22223.02901217419	73	35	9	4	0.1010703794156099
152000	-30138.002831776834	-28347.158851902084	-1790.8439798747488	-28347.158851902084	162634.7354304006	3299930.8353575245	0.04062977834970777	2.835529622439813	0.040070477162333196	0.044354459797453255	0.03312193459581367	0.30622765299300364	0.312124318956023	0.13129811547788314	0.2503499125730902	-1735.6345247823594	794991.9518244617	410960.00236999366	218817.86589844758	175450.4050128437	78	34	6	3	0.1010703794156099
160000	-30126.55946873414	-28343.91534976583	-1782.6441189683114	-28343.91534976583	152606.31166626097	3288607.7986486824	0.03073872042267457	2.7920988106979676	0.043293479181306056	0.04432836158200272	0.03456202195323638	0.30329675249993276	0.3113016530209419	0.13345702034715393	0.2519445741319714	-1728.1707522801034	858451.3102712256	477514.91675868985	177780.70886618792	51885.5481975976	58	43	15	5	0.1
168000	-30106.86644291892	-28324.296345287577	-1782.5700976313408	-28324.296345287577	135035.286436513	3137366.1266842387	0.030900220024334922	2.1956505368155006	0.041282912220542464	0.03720016094153497	0.033642743694460624	0.3033159883607651	0.3174892515551608	0.13185688744881607	0.24733787263525797	-1727.7705977127223	1116936.016938884	447553.12336660374	205417.74970548952	109617.57490542257	48	54	15	4	0.10625890912373277
176000	-30125.958728863843	-28339.733608781946	-1786.2251200818976	-28339.733608781946	145536.7278937162	3298995.1456476836	0.026374791390237868	2.2004570910953016	0.04399043414598898	0.06521411336033925	0.01654749515723443	0.3032637347767691	0.3140110735133068	0.13045107515579574	0.2522741165541284	-1732.7007985182368	758008.6468166847	617768.7971466107	125672.58468421196	32677.212662686437	32	74	12	3	0.11151209885692635
184000	-30148.986720217094	-28352.669306440195	-1796.3174137768972	-28352.669306440195	159795.50582884133	3548061.6201919424	0.027454622803919727	2.3749440945668985	0.04305518729865329	0.11448938133197435	0.016983276291503386	0.31182440612152396	0.31445556185489515	0.13331121604709717	0.2404088159764838	-1740.632594586761	1411954.6892996037	522503.2930343823	231777.03076332127	65564.55928632064	40	67	10	4	0.11026485067584924
192000	-30138.548328148332	-28341.013201478752	-1797.5351266695798	-28341.013201478752	138109.72277439217	3425552.580060491	0.025779893714748453	2.313296529832251	0.0425851781181033	0.10598793433590929	0.030699812630754452	0.31430989901088335	0.31266543212370757	0.12907013288083394	0.24395453598457512	-1740.8541817336243	1675065.5513817456	745199.1363667789	203634.5228325452	75677.71810312333	45	56	14	6	0.10829048968488447
200000	-30123.946343749463	-28334.23437056726	-1789.7119731822013	-28334.23437056726	145416.83342579613	3342260.0538836927	0.025779893714748453	2.313296529832251	0.0425851781181033	0.07658238829347097	0.030699812630754452	0.31430989901088335	0.31266543212370757	0.12907013288083394	0.24395453598457512	-1734.7044018232689	868766.2279873053	647428.9114619646	168197.69405725566	61884.41950510555	60	44	12	5	0.10829048968488447
208000	-30117.45647498703	-28327.1178330149	-1790.338641972129	-28327.1178330149	141440.09520499277	3245281.6685161875	0.02719373279546483	2.2804210408134864	0.042484048883067844	0.07292450758331792	0.02831317094499382	0.3089639422456557	0.3143308283434761	0.12739634688297943	0.24930888252788874	-1733.5029652073727	1044717.324592496	574176.0975760523	587692.7601392398	127029.96457224824	48	22	30	21	0.10128225711420882
216000	-30142.583352961366	-28337.600995731806	-1804.9823572295597	-28337.600995731806	147317.91000853415	3530567.9599372935	0.03855071955343046	2.2046708118896157	0.0436206058545335	0.07519841137817429	0.026797872270548577	0.3151156381135183	0.3082011382153588	0.13282633086613668	0.24385689280498632	-1746.3127597907628	1288682.9439631077	1475530.9959017418	701933.1265876472	153781.94469361828	17	32	58	14	0.1034532383858707
224000	-30144.253485480906	-28353.346037317027	-1790.9074481638797	-28353.346037317027	139558.5495237133	3295430.782097329	0.03812156262019356	2.167025636653138	0.04261131826249473	0.03442219745707777	0.02688501242591734	0.316764938369585	0.3104296376760987	0.1251445220015609	0.24766090195275542	-1734.53397961724	1358706.667159457	542932.1962035457	440383.7617187504	174457.9304735593	48	27	31	15	0.1
232000	-30125.63574089379	-28337.257353121786	-1788.378387772007	-28337.257353121786	139901.80651785986	3466050.5626394963	0.035198440304713696	2.2784269358897817	0.043326534316999586	0.03548363804390049	0.028170412538541603	0.31180117619128817	0.3146493587572197	0.12966013262656217	0.24388933242492997	-1733.5854522748496	1253637.6530744291	508194.76044918626	219591.62238453043	21680.544403840257	53	49	14	5	0.10006441355439696
240000	-30142.754982000406	-28347.726389362368	-1795.0285926380382	-28347.726389362368	141413.42230324753	3358587.039226549	0.034297039378689026	2.2999665818846227	0.04222716963661066	0.056877408429147056	0.02890826648262801	0.312135283611606	0.31443307062780657	0.1296666493103255	0.2437649964502618	-1739.2898253030864	856764.526225974	606813.1398155945	283725.00830715644	168457.50874936793	96	10	2	13	0.10424008836434842
248000	-30125.842195009114	-28338.81757479739	-1787.0246202117219	-28338.81757479739	155609.6716692823	3282187.826615759	0.04819315302977005	2.216978499436514	0.023308368076163724	0.05636374095911309	0.02851434718693558	0.31523837997802107	0.32102837826112324	0.12762219339511247	0.23611104836574323	-1733.760055048916	863161.3739572223	434131.1618568342	80888.80323962045	35308.924933890674	86	32	1	2	0.1
256000	-30132.492367505016	-28332.918712796974	-1799.5736547080407	-28332.918712796974	155203.57710035512	3593725.955290723	0.02673388126961605	2.208382651968995	0.04144382206096583	0.05770311048261549	0.018579645262505474	0.31236403684893427	0.3189542151943827	0.12678291182783963	0.24189883612884341	-1745.859365107229	1071696.7618938456	222359.0567474743	149041.4927845126	109009.35555479057	92	20	4	5	0.10039387469946733
264000	-30135.542308969485	-28336.911150836066	-1798.6311581334196	-28336.911150836066	143176.85600991227	3438712.662293144	0.02632693127885962	2.2041613358835948	0.041374477204917284	0.05356458167990656	0.05323722849569868	0.3121348567687854	0.3225830622859089	0.1242442004245475	0.24103788052075814	-1742.8593615757477	972484.8071669033	480907.1805923424	216585.49191508556	176632.4659924321	81	26	12	2	0.10198438495191786
272000	-30129.40352745198	-28338.443259077732	-1790.9602683742498	-28338.443259077732	160593.8565949775	3393123.0842185267	0.026585020357987942	2.1966341330736285	0.04286692153031808	0.05474368263136851	0.01810502745261785	0.3124449217772818	0.31730019529416825	0.12578022073283732	0.24447466219571254	-1737.3509356623078	1034469.5853314707	242533.67099395485	141680.57720099756	108714.85504130798	86	23	7	5	0.1
280000	-30143.464712311925	-28354.983326418198	-1788.4813858937262	-28354.983326418198	146509.65281863502	3539603.199037495	0.02652419368044187	2.0794883837341613	0.04360178088301409	0.06937470268429416	0.018487754355812697	0.31289674844591725	0.3127600066462284	0.12755891045196177	0.24678433445589262	-1735.3288122214467	1186881.4878709954	388729.2911445358	78547.07378870422	20914.787815618205	85	17	17	2	0.10551095879562432
288000	-30120.389976311286	-28334.567183985248	-1785.8227923260379	-28334.567183985248	138765.06947764236	3123266.458641957	0.026825033790994005	2.0844953141536293	0.03885000054854779	0.03363731517074845	0.020082397022266645	0.3164133967790318	0.31716263745025924	0.12645990561372522	0.23996406015698377	-1730.1010443213654	930723.6025305255	931035.6481931203	412514.09009945893	228206.0484846552	35	49	33	4	0.10293593498927615
296000	-30111.869049270936	-28326.845326894836	-1785.0237223760982	-28326.845326894836	154175.57895306422	3353226.122131848	0.0334643758330402	1.8684393538123565	0.020033045472053836	0.061961046829605404	0.019380942051175853	0.3108758095702357	0.3129110905289873	0.1294639790539996	0.2467491208467773	-1731.2102578843542	1375504.7840097712	524019.59058153495	155439.5366537551	34422.47653324234	43	61	12	5	0.10817911702967986
304000	-30114.250837989344	-28335.32685942578	-1778.9239785635652	-28335.32685942578	139147.0144007924	3153461.784798893	0.03363805605391317	2.426477770659672	0.02091969304071316	0.05917885075454406	0.043812287671290584	0.3096474558433784	0.31721845992147185	0.1289797942991179	0.24415428993603175	-1723.8080247432385	1123003.4192558222	461382.0004052553	218667.42935240574	94592.31611913446	58	43	16	4	0.11445908465985805
312000	-30125.30731378412	-28336.790886735183	-1788.5164270489352	-28336.790886735183	140646.29788204425	3131518.4623418367	0.0334161410544247	2.207960198589973	0.020578837652214	0.060449824515586614	0.023872152376767264	0.31281874086892103	0.31142249347324596	0.1302750846214321	0.245483681036401	-1733.1430533183723	958850.4067790462	745851.9445390236	372477.41165617236	116318.19420284384	40	65	4	12	0.10540470527356051
320000	-30143.481212080118	-28348.572140778408	-1794.9090713017106	-28348.572140778408	158919.29968359665	3397766.374277781	0.0334161410544247	2.207960198589973	0.028037946135776395	0.060449824515586614	0.023872152376767264	0.31281874086892103	0.31142249347324596	0.1302750846214321	0.245483681036401	-1739.4746106599596	1357740.8887914056	742397.3311737347	167585.8133797886	115829.58719410874	27	78	6	10	0.10540470527356051
328000	-30132.246653891445	-28339.750614095527	-1792.4960397959187	-28339.750614095527	143938.40834000503	3162608.9700768637	0.03378057607582198	2.270406440393464	0.0286961310913065	0.0592476650604242	0.02441404409989675	0.3156280348990697	0.3111754217569493	0.12873925329427854	0.24445729004970246	-1732.913026426715	5368099.0458016535	1004360.8329314159	575585.435045391	276791.21545396314	1	67	25	28	0.10321061002664113
336000	-30134.2635446663	-28347.268691816185	-1786.9948528501159	-28347.268691816185	138507.97852941728	3266200.1669102334	0.03440121601027308	2.1694045203674563	0.02913915392854325	0.06481560419400884	0.025348258452361078	0.3083121905570379	0.31969992526908064	0.13266128410059153	0.23932660007328985	-1729.531863024768	1928599.5693501644	1022875.9135776726	506872.4547314847	93127.38430620678	2	56	48	15	0.10263092456149779
344000	-30131.11187669427	-28343.037456569076	-1788.0744201251935	-28343.037456569076	114881.87646412627	3128016.4927580664	0.03556609567910413	2.1259034053076413	0.027950896424056796	0.048651738442027075	0.02606929172146394	0.3080717543656279	0.31344854997041655	0.1326387015898469	0.24584099407410878	-1731.8470426627252	500811.02732257626	786733.6099354941	766065.2579631805	206392.44085957625	6	70	14	31	0.10393148401487917
352000	-30128.31447886597	-28344.52402605917	-1783.7904528068002	-28344.52402605917	157515.92784178542	3294732.9087571185	0.04613631054039465	2.0870359749290297	0.028568356660758316	0.0472262538465341	0.025570808299180348	0.3127517734472525	0.3064380733690244	0.1301355161601929	0.25067463702353016	-1728.036497303662	1364783.1257932791	772131.613862736	318790.9769755307	9910.460156451454	19	65	33	4	0.10109684208337816
360000	-30132.351456632277	-28338.832630897512	-1793.5188257347659	-28338.832630897512	170787.10584165365	3457908.811066863	0.04628230223915099	2.1499623242664176	0.027533038974652237	0.04878490645474882	0.014321987363784245	0.30803705204076215	0.3177592281141897	0.13129800263848007	0.2429057172065681	-1737.7124088196067	898448.315755714	660192.6516530302	638018.3840684843	113618.43788301096	53	54	1	13	0.1
368000	-30117.93969525807	-28335.544919864755	-1782.3947753933146	-28335.544919864755	151646.82552941656	3225881.7760785916	0.03206191365044559	2.122776372832729	0.026751104155452655	0.047277999131283444	0.008393122723379665	0.30575326380868684	0.31998524465824557	0.13470509155201182	0.23955639998105574	-1729.3956668684955	934689.5118706463	361631.2310528952	269955.7640051683	76834.51582852853	69	40	5	7	0.1
376000	-30126.429353351145	-28335.569886788006	-1790.8594665631383	-28335.569886788006	149405.35307236476	3311604.319327534	0.033459977436614746	2.369624432260388	0.028409727495337968	0.04746071582571833	0.054057889679583346	0.3118316918189944	0.310926966024182	0.12916199308286425	0.24807934907395937	-1732.9249318660243	1447953.9923676634	196522.11682994576	571674.6743387349	144075.5128760196	51	3	52	15	0.1
384000	-30128.75562852637	-28338.056692852184	-1790.6989356741888	-28338.056692852184	155888.88963134793	3338884.287464544	0.03190893300043498	2.298075481811233	0.028088059136462975	0.07053672438288151	0.017013147570862718	0.3111810055837019	0.31225488990488803	0.12953406660464936	0.24703003790676076	-1733.6724049150303	655935.8775841586	941852.3853458812	986121.522012688	189027.92378419757	1	4	87	29	0.1
392000	-30132.826456951232	-28336.756803392967	-1796.0696535582629	-28336.756803392967	139115.32774779285	3305318.4718606924	0.029660107355403753	2.2584404612789237	0.028903346803593778	0.03594380013740761	0.010184511626362042	0.3073423805698954	0.3153350326888619	0.13295547017274803	0.24436711656849483	-1739.9672330211033	2121416.13824276	942240.7898399107	506173.4343869775	160854.4101928324	19	23	57	22	0.10114217216900506
400000	-30128.506726218264	-28335.367431975294	-1793.1392942429688	-28335.367431975294	171977.02405692474	3385013.1884296406	0.03024424619133419	2.1938636963351956	0.030207800811599902	0.03517938890773197	0.010007705202164959	0.31038569132523036	0.31738527955170415	0.1282416592757415	0.24398736984732405	-1736.9875591078085	1224190.372629886	464422.87881961104	861405.2161216644	287849.3208814328	13	4	68	36	0.1
408000	-30130.198028558247	-28343.695543886668	-1786.502484671578	-28343.695543886668	156301.25624038244	3276141.181873151	0.025153787201588212	2.1854040286929	0.027596406271538032	0.037900768477406435	0.022621606090011525	0.31606109688500583	0.31600565091041405	0.12941108253212	0.23852216967246026	-1727.5013192913484	1478143.1805467964	3472732.6638998864	645043.6581080069	130158.01546852403	5	5	101	10	0.10047556968681559
416000	-30140.472955134195	-28343.14894423892	-1797.324010895275	-28343.14894423892	141936.47785004982	3472469.436101427	0.026339659151617754	2.1538386096919506	0.05564972742525428	0.076293131783401	0.02200725505553264	0.3089095954950198	0.31740860930671155	0.13099749488010523	0.24268430031816332	-1739.8282520586022	1889102.1364073046	710342.3797452856	452472.2889240716	162812.32904229168	6	54	47	14	0.10328568742931818
424000	-30145.73012991701	-28354.25603681282	-1791.4740931041895	-28354.25603681282	142731.94874680438	3290058.1154150944	0.027499069147781937	2.062942703812901	0.03577574832081127	0.07593206916525928	0.012147174290967058	0.3120637937482296	0.31982657936401127	0.1274566084495572	0.24065301843820194	-1736.3870217423746	661994.5894366911	805051.3235391926	409710.9423436801	103337.3075436413	85	2	21	13	0.10357978604728207
432000	-30137.645506013756	-28349.774135735686	-1787.8713702780688	-28349.774135735686	131721.55299962254	3242108.881678917	0.028364840254847857	2.3094488300216733	0.03839079517971872	0.03841841489777381	0.0047901749770143725	0.31881891733760376	0.3091351310081544	0.12474511401916027	0.2473008376350817	-1733.6348564095556	912000.2606650629	705860.1848805652	503963.3562083081	112288.56510686954	66	17	23	15	0.10202538029337292
440000	-30133.37895926917	-28339.794155975873	-1793.5848032932952	-28339.794155975873	131179.12369738007	3334681.8136370713	0.028338894976398885	2.2977446882620276	0.033637601310062056	0.03702168643650919	0.004629913735932522	0.3062747517073002	0.3181629540750066	0.13422799859673518	0.241334295620958	-1740.201634334429	1015343.9044642526	429812.59458939784	404226.34768183203	125314.42071610727	73	31	8	9	0.1
448000	-30121.38811311418	-28336.404743315637	-1784.9833697985423	-28336.404743315637	145915.62143338134	3166286.350336383	0.029676374898823348	2.3652661132013106	0.031195380907661416	0.08452411302816293	0.019429745935767434	0.3163499653708508	0.31799967087428915	0.12579281811086743	0.23985754564399256	-1728.6604345830456	1024026.43178223	644029.3535986214	519177.98370444425	121082.69581748167	55	31	16	19	0.1
456000	-30117.76426917487	-28331.672034898245	-1786.092234276624	-28331.672034898245	158078.3900497154	3306393.5188835515	0.04677531864227917	2.173142452712241	0.03209122796209878	0.08097266627420537	0.007794746371301178	0.30717725835346243	0.3144754971660496	0.1339981765419823	0.24434906793850583	-1730.7530446736278	848578.93339002	827197.3589335851	450580.6197343194	42780.94214567391	75	9	32	5	0.1
464000	-30132.656263501412	-28343.189636524898	-1789.4666269765162	-28343.189636524898	156902.1726779794	3297967.077222493	0.04677531864227917	2.173142452712241	0.05534006463298883	0.03074881619447876	0.007794746371301178	0.30717725835346243	0.3144754971660496	0.1339981765419823	0.24434906793850583	-1735.4871667653647	924195.8687529083	612340.9183656992	241804.96019578856	85741.35779018725	81	9	28	3	0.1
472000	-30124.977398762156	-28328.86926155828	-1796.1081372038757	-28328.86926155828	141771.32004662376	3405530.145301049	0.02171474851392444	2.173142452712241	0.031197230043343106	0.03074881619447876	0.014167365282998862	0.30717725835346243	0.3144754971660496	0.1339981765419823	0.24434906793850583	-1742.5338414660039	891572.569265881	756396.311326502	293891.40127053234	42802.85787408268	85	6	26	4	0.1
480000	-30124.63072660774	-28332.37483847954	-1792.2558881281993	-28332.37483847954	130902.94965804227	3129988.1223497842	0.03697328800409744	2.173142452712241	0.04764494664660705	0.06817012595561828	0.035163362407081844	0.30717725835346243	0.3144754971660496	0.1339981765419823	0.24434906793850583	-1734.24584223045	1245546.9831991252	1074689.8264592504	424975.28893124114	269640.29055907443	19	46	39	17	0.1
488000	-30116.744414557288	-28331.430748765895	-1785.3136657913926	-28331.430748765895	137733.59314921946	3184521.1363131087	0.03697328800409744	2.173142452712241	0.03059237205607327	0.06817012595561828	0.032667501528719556	0.3134700093013243	0.3144754971660496	0.12770542559412046	0.24434906793850583	-1731.2488455868195	617023.1188338315	807499.4371011035	93819.8118796138	12505.471073965233	23	80	16	2	0.1
496000	-30126.911624419747	-28346.71026481956	-1780.2013596001862	-28346.71026481956	155540.6357890447	3322989.1123544653	0.03697328800409744	2.173142452712241	0.03059237205607327	0.06817012595561828	0.032667501528719556	0.3134700093013243	0.3144754971660496	0.12770542559412046	0.24434906793850583	-1720.8525845086779	2089921.2036777171	598256.737730311	1068434.7811518274	210867.95137131147	18	64	9	30	0.1
504000	-30133.564520919834	-28342.08024576883	-1791.4842751510032	-28342.08024576883	137942.9805391164	3346753.3744687825	0.03697328800409744	2.173142452712241	0.042156554970099944	0.06817012595561828	0.013318915127757357	0.309698534463077	0.3144754971660496	0.12770542559412046	0.24812054277675313	-1733.7438380619112	1323809.8226832836	623687.9295720417	944450.994866143	216136.61635532446	20	46	22	33	0.1
512000	-30137.655889719776	-28340.194091605277	-1797.4617981144984	-28340.194091605277	145330.1019602373	3425003.3966492964	0.021013759857135612	2.173142452712241	0.042156554970099944	0.06817012595561828	0.034054144114814985	0.309698534463077	0.3144754971660496	0.12770542559412046	0.24812054277675313	-1737.0346704758738	1356547.12160465	947763.1118483382	2281501.5965344016	205855.70537638775	17	68	1	35	0.1
520000	-30140.040500448467	-28350.86926782031	-1789.1712326281568	-28350.86926782031	141214.6045058599	3190601.7441659593	0.021013759857135612	2.173142452712241	0.024878159000684356	0.06817012595561828	0.014409675178457069	0.309698534463077	0.3144754971660496	0.12770542559412046	0.24812054277675313	-1732.6054587459237	1530356.8077129372	1307496.5382340522	547964.3833458142	122182.40237120802	16	39	49	17	0.12360725793424594
528000	-30133.391845810762	-28348.58739363103	-1784.8044521797294	-28348.58739363103	139086.09963434812	3064904.089859466	0.02679943781925067	2.173142452712241	0.024878159000684356	0.059472810600041365	0.007484598358637302	0.309698534463077	0.3144754971660496	0.12770542559412046	0.24812054277675313	-1729.6028070374507	1245385.9596900092	872408.8097583688	394021.04053489026	255556.38162616693	24	54	33	10	0.12360725793424594
536000	-30144.30677498279	-28347.257763661142	-1797.0490113216488	-28347.257763661142	153304.5170718864	3404564.087264115	0.02679943781925067	2.173142452712241	0.042630090270499695	0.10057128939352851	0.007484598358637302	0.309698534463077	0.3144754971660496	0.12770542559412046	0.24812054277675313	-1737.3178363111215	1.0228341157902474E7	828228.7023225058	472664.5869678636	151514.8826995579	4	73	28	16	0.12360725793424594
544000	-30139.16472888591	-28346.56991262611	-1792.5948162597995	-28346.56991262611	153535.1042461362	3382896.5691296714	0.02679943781925067	2.173142452712241	0.02512399985973467	0.042020320683631436	0.012165164297494188	0.309698534463077	0.3144754971660496	0.12770542559412046	0.24812054277675313	-1736.5442928784414	2441832.5640123542	863101.0589049836	391421.3973613922	146336.33575591433	8	54	44	15	0.12360725793424594
552000	-30151.346434688257	-28366.913385453863	-1784.4330492343956	-28366.913385453863	165553.80083088102	3224060.11497131	0.02679943781925067	2.173142452712241	0.04576710424203147	0.06142994513092278	0.03913225203476711	0.309698534463077	0.3144754971660496	0.12770542559412046	0.24812054277675313	-1728.1430749342805	1246213.608831509	748726.2107763446	221515.3153018261	118108.9824368944	31	60	25	5	0.12360725793424594
560000	-30141.655054928528	-28340.900000663212	-1800.7550542653169	-28340.900000663212	153947.44218855037	3503614.4985301117	0.02679943781925067	2.173142452712241	0.04576710424203147	0.05592051783662593	0.03913225203476711	0.309698534463077	0.3144754971660496	0.12770542559412046	0.24812054277675313	-1744.5322295972828	840960.687300772	769619.0228071824	378589.25529115903	101683.97292639609	11	72	23	15	0.12360725793424594
568000	-30137.302325424494	-28345.937873232207	-1791.3644521922868	-28345.937873232207	162043.24718368234	3315226.6402792516	0.02679943781925067	2.173142452712241	0.029407192155488877	0.05592051783662593	0.006863561416914318	0.3151531382037293	0.3144754971660496	0.12770542559412046	0.24266593903610081	-1737.8624044801818	995222.5601098838	517250.95107509964	273888.69481663255	97053.71500226283	43	56	12	10	0.12360725793424594
576000	-30131.020773790395	-28334.979942018366	-1796.0408317720269	-28334.979942018366	155116.85323346173	3481453.19911807	0.02679943781925067	2.173142452712241	0.04491026486763037	0.05592051783662593	0.006863561416914318	0.3151531382037293	0.3144754971660496	0.12770542559412046	0.24266593903610081	-1741.6518608488218	892883.8021867981	789822.0413607291	357729.124739748	27152.41438535184	24	63	31	3	0.12360725793424594
584000	-30117.024891416062	-28325.442318520974	-1791.582572895088	-28325.442318520974	138942.46011959348	3353332.1913283844	0.02679943781925067	2.173142452712241	0.04491026486763037	0.03929274428302454	0.006863561416914318	0.3151531382037293	0.3144754971660496	0.12770542559412046	0.24266593903610081	-1733.4671929741305	857053.662300971	2767667.7900368636	554531.2053955276	242157.53720714705	48	5	54	14	0.12360725793424594
592000	-30136.17311063645	-28349.10034398142	-1787.0727666550292	-28349.10034398142	156284.01339238218	3255733.9024646967	0.05246213827455797	2.173142452712241	0.04491026486763037	0.03929274428302454	0.016730382762252766	0.3115718495574495	0.3144754971660496	0.13128671424040028	0.24266593903610081	-1731.8439129319308	1160982.3073732308	712261.4693450523	242207.4699494182	40063.68672994038	11	99	8	3	0.12360725793424594
600000	-30138.011148277692	-28342.273092333755	-1795.7380559439375	-28342.273092333755	155582.03084749973	3381632.598009873	0.029690301314927742	2.173142452712241	0.04491026486763037	0.03929274428302454	0.013624997017387923	0.3115718495574495	0.3144754971660496	0.13128671424040028	0.24266593903610081	-1740.8168969357534	940645.6281457074	887695.970491175	248911.36816888058	124214.73832246431	27	71	14	9	0.12360725793424594
608000	-30134.480580270952	-28343.864749900935	-1790.6158303700192	-28343.864749900935	140850.1542714766	3376375.269879845	0.029690301314927742	2.173142452712241	0.04491026486763037	0.028893873482688133	0.02343661984437472	0.3115718495574495	0.3144754971660496	0.13128671424040028	0.24266593903610081	-1736.6824592609448	1281607.3209560455	657679.7550398345	113038.47781122634	33663.88886118268	41	67	9	4	0.12360725793424594
616000	-30144.581714282005	-28342.869726052028	-1801.7119882299774	-28342.869726052028	163986.66710767767	3407879.851222718	0.029690301314927742	2.0489700058135347	0.04491026486763037	0.036291409160293664	0.02343661984437472	0.30573785367923345	0.32030949304426565	0.13128671424040028	0.24266593903610081	-1744.2704657246084	1186784.6168820676	1383009.185443962	649084.477182289	235088.20914385022	16	41	32	32	0.12360725793424594
624000	-30125.026569813257	-28345.56072076229	-1779.4658490509682	-28345.56072076229	138033.6201560424	3162522.8569178046	0.029690301314927742	2.241738770208491	0.044582816697869135	0.036291409160293664	0.00896155430559806	0.30573785367923345	0.32030949304426565	0.13128671424040028	0.24266593903610081	-1724.9335603512861	1627966.1415558055	738617.3350054956	218007.9685350195	54833.561394336415	20	81	14	6	0.12360725793424594
632000	-30146.49803218202	-28354.283240266057	-1792.2147919159627	-28354.283240266057	149584.6763471189	3620660.710344965	0.04836212827521896	2.241738770208491	0.029249725543556204	0.036291409160293664	0.00896155430559806	0.30573785367923345	0.32030949304426565	0.13128671424040028	0.24266593903610081	-1736.833408518392	2733524.933384807	763584.8033336628	60840.49487036535	99385.34855178079	18	84	6	13	0.12360725793424594
640000	-30136.597318171138	-28350.39266759436	-1786.2046505767796	-28350.39266759436	140189.9040070702	3227851.143258538	0.029960015820524516	2.241738770208491	0.029249725543556204	0.036291409160293664	0.024276836897352813	0.30573785367923345	0.32030949304426565	0.13128671424040028	0.24266593903610081	-1728.9937284926596	2714584.282039893	748247.264393718	522610.6847812497	125476.30227685426	13	73	18	17	0.12360725793424594
648000	-30122.841795841785	-28342.498848873605	-1780.3429469681796	-28342.498848873605	140987.892621456	3038730.0669251657	0.02267005958024802	2.128701789670364	0.05718304963464948	0.036291409160293664	0.041118539196761436	0.30573785367923345	0.32030949304426565	0.13128671424040028	0.24266593903610081	-1724.557340265955	851589.6402186967	683141.7294279545	364526.23405916296	146317.73824043604	11	80	4	26	0.12360725793424594
656000	-30139.391870362557	-28342.835525539725	-1796.5563448228327	-28342.835525539725	153423.1035228739	3444309.4846757045	0.0328313993382072	2.120408387772239	0.032590528911338915	0.027283576150210494	0.03155706938355307	0.31284423629350516	0.3140911874581405	0.1313513553484324	0.24171322089992184	-1740.4420784540355	1372278.9912168793	1022794.0320751792	444201.59834566835	18743.802543905655	25	28	64	4	0.1240934706234782
664000	-30124.6258208849	-28334.988461161498	-1789.6373597234	-28334.988461161498	145415.7885565879	3217191.312738428	0.0328313993382072	2.120408387772239	0.02127192819577591	0.04242617068902262	0.03155706938355307	0.31284423629350516	0.3140911874581405	0.1313513553484324	0.24171322089992184	-1733.6454456498966	573365.9889713413	1428600.3267913447	325978.4255636176	35189.4822992945	12	41	64	4	0.10204253351650411
672000	-30123.154908194396	-28330.781222564252	-1792.3736856301423	-28330.781222564252	155745.4977439303	3306518.201072427	0.024576868117107287	2.120408387772239	0.04976939539465598	0.04242617068902262	0.03155706938355307	0.31284423629350516	0.3140911874581405	0.1313513553484324	0.24171322089992184	-1734.5130534900009	2471243.0041088252	1213745.0810290868	427546.5401834042	123331.31245235274	4	50	57	10	0.10204253351650411
680000	-30137.7351521104	-28337.812622802317	-1799.9225293080808	-28337.812622802317	170938.9094719987	3353433.431736666	0.024576868117107287	2.120408387772239	0.04597518071201398	0.07704657599232223	0.03155706938355307	0.31284423629350516	0.3140911874581405	0.1313513553484324	0.24171322089992184	-1741.924944570083	2320686.707158894	1051013.1086579466	361762.87180303497	149737.04639789002	23	39	45	14	0.10204253351650411
688000	-30124.37294724716	-28339.45390217671	-1784.9190450704505	-28339.45390217671	136313.07117427737	3174985.493473386	0.038680653386564935	2.120408387772239	0.047487836821401085	0.07704657599232223	0.015502577834897191	0.31284423629350516	0.31866653753753044	0.12677600526904245	0.24171322089992184	-1727.3068173684276	1726007.0532636521	963199.0544938481	528108.0488864871	90338.39092271736	18	8	81	14	0.10204253351650411
696000	-30134.889423454882	-28339.656651920035	-1795.2327715348488	-28339.656651920035	168211.25769174338	3480593.5082618734	0.038680653386564935	2.120408387772239	0.02623202462540228	0.07704657599232223	0.015502577834897191	0.31284423629350516	0.31866653753753044	0.12677600526904245	0.24171322089992184	-1737.8033199173444	1234467.4983137618	1304589.8218148137	577379.2609088981	253437.44836089847	17	4	81	19	0.10204253351650411
704000	-30131.60433733326	-28341.44682333808	-1790.1575139951813	-28341.44682333808	143578.4018865993	3325612.183958946	0.024090700625815142	2.3789133291094795	0.02623202462540228	0.036738769674337805	0.05478422363928927	0.31284423629350516	0.31866653753753044	0.12677600526904245	0.24171322089992184	-1732.6905078899672	2131105.0613116915	746306.2113837147	579852.1109386414	83738.93722600734	16	43	46	16	0.10204253351650411
712000	-30120.638080537803	-28330.136178199784	-1790.5019023380207	-28330.136178199784	136910.09780712327	3304622.2403843817	0.04005709311456245	2.3789133291094795	0.06932159347174552	0.036738769674337805	0.023026519119738773	0.31284423629350516	0.31866653753753044	0.12677600526904245	0.24171322089992184	-1733.7137958991452	1010859.9871894768	936961.7707196296	418235.64062375145	93998.3505533242	39	46	26	10	0.10204253351650411
720000	-30123.36939638801	-28328.764996655616	-1794.6043997323948	-28328.764996655616	165598.2638317236	3590876.8021343155	0.04005709311456245	2.3789133291094795	0.030127730556535837	0.06405182646596491	0.011075151624626672	0.31284423629350516	0.31866653753753044	0.12677600526904245	0.24171322089992184	-1739.268787804158	868617.7456160266	157738.9865329507	418897.5531156345	147880.57383415758	83	11	19	8	0.10204253351650411
728000	-30140.71782040223	-28348.846914031637	-1791.8709063705937	-28348.846914031637	127145.59872149421	3250905.3254343825	0.04005709311456245	2.0495003348765257	0.030127730556535837	0.06405182646596491	0.04410552354554301	0.31284423629350516	0.3158516411270927	0.1295909016794802	0.24171322089992184	-1734.8668334763688	887976.837463245	668222.2227881287	581678.7207490666	175024.1110872119	77	11	11	22	0.10204253351650411
736000	-30136.113914590613	-28344.512042809118	-1791.6018717814939	-28344.512042809118	143505.57848112768	3260643.2069760743	0.04005709311456245	2.0495003348765257	0.04179516295714632	0.06405182646596491	0.04410552354554301	0.31284423629350516	0.3158516411270927	0.1295909016794802	0.24171322089992184	-1735.6348438842012	1060631.248986873	439808.94594205235	141955.12788775685	186050.8748211302	87	18	8	8	0.10204253351650411
744000	-30130.424929363184	-28332.68434516946	-1797.7405841937236	-28332.68434516946	145305.20140864566	3371837.1877912283	0.03836570332720008	2.529768401308417	0.04033990204281204	0.046398504767045795	0.020784654156913582	0.30624038629598593	0.3168965208397993	0.12901364599019877	0.247849446874016	-1741.9538305477774	1011520.3043869687	794711.0226302565	320015.41507563053	81806.80904627354	72	7	33	9	0.1
752000	-30118.50186364019	-28331.61860693313	-1786.883256707062	-28331.61860693313	140026.64712921268	3288830.12395368	0.015781706962565964	2.4934444951816968	0.04142849755388512	0.07654591789733757	0.02097111232082799	0.31074103767253625	0.31623086783343946	0.1294297195848064	0.24359837490921785	-1731.7915567020696	1095218.9392646118	335737.1684598564	378814.92753999657	72235.02322959229	69	6	36	10	0.10176402213790456
760000	-30129.054247885717	-28337.136120368017	-1791.9181275176984	-28337.136120368017	139977.59702371748	3432044.633337759	0.028005983593783115	2.3815720350320904	0.04142849755388512	0.050569446055504674	0.01423926624934512	0.31074103767253625	0.31623086783343946	0.1294297195848064	0.24359837490921785	-1737.0442412286611	1304489.8896498112	655162.2184105084	260648.51664240498	34203.329288224435	28	67	21	5	0.10176402213790456
768000	-30135.134126565124	-28332.72766926178	-1802.406457303344	-28332.72766926178	156120.2605583013	3480902.3532958976	0.027235551404157426	1.9129201914544178	0.04039439152621713	0.049948191542903635	0.014122608437755542	0.30687443397912123	0.3168024479473929	0.12903085117458432	0.24729226689890157	-1746.5759480493098	1485948.4690474626	844788.3071341207	425468.51806399826	92865.57380081619	13	73	27	8	0.1002353020626296
776000	-30117.90931280114	-28322.730509933423	-1795.1788028677179	-28322.730509933423	155677.2400509236	3450850.2730342885	0.02833073946229672	1.8757422601570215	0.0419245871484918	0.050837876910146095	0.02065923586693036	0.3122678299968733	0.31600417094697497	0.12962395781532834	0.24210404124082324	-1739.1156099152881	1496001.8704940074	729927.5195723799	366199.7137487332	138250.46200199373	14	88	3	16	0.10230200986672114
784000	-30129.124548775053	-28331.479014514964	-1797.6455342600896	-28331.479014514964	166134.09737663798	3518343.583813443	0.02835590471668156	1.880434666048713	0.041995292951116314	0.0508648896147741	0.02066859479005312	0.31241618607750377	0.3159915685648817	0.12964726118579292	0.24194498417182175	-1741.8963337245245	1044417.0550280648	566815.4666336292	462724.04500998894	196919.64216812814	62	10	33	16	0.10232206084545444
792000	-30134.805123060454	-28339.825731780074	-1794.9793912803816	-28339.825731780074	143018.2833274258	3346811.8241549446	0.04185608407414713	2.455890233922675	0.05260244603231083	0.04901486522996535	0.020170739952672656	0.3015448599373036	0.31754799756603563	0.13529602969236723	0.24561111280429349	-1736.6105194250747	981130.8101294462	1516424.322206562	813209.964789131	140927.97916763567	51	4	48	18	0.1
800000	-30127.382791899352	-28336.291621824563	-1791.0911700747881	-28336.291621824563	148796.12528242744	3349209.6214688765	0.04185608407414713	2.455890233922675	0.05260244603231083	0.04901486522996535	0.020170739952672656	0.3091650719899304	0.31754799756603563	0.1276758176397405	0.24561111280429349	-1735.5328205009732	891271.460442015	533282.4579382647	268100.5699167249	158531.64174633994	64	33	20	4	0.1
808000	-30127.111516412624	-28337.499623836182	-1789.6118925764424	-28337.499623836182	137010.51845104786	3368851.5366901364	0.04185608407414713	2.455890233922675	0.025250453445033707	0.04901486522996535	0.03347392064690684	0.3091650719899304	0.31754799756603563	0.1276758176397405	0.24561111280429349	-1733.3784989574942	1112129.5741340881	612694.1945904302	455257.95465838833	81859.49516593675	71	15	19	16	0.1
816000	-30135.035539348897	-28348.74516664857	-1786.2903727003293	-28348.74516664857	163794.35988020405	3366344.3810077384	0.04210309481423361	2.4545921562767092	0.025320679501135243	0.04906404116581077	0.018312548433692087	0.30953404868922857	0.31754755492841796	0.12769546193536133	0.24522293444699214	-1728.9172632164323	692542.1861488796	1647202.6657712306	537298.4405015017	142522.02847602608	25	40	38	18	0.10140075753691943
824000	-30121.81934851229	-28333.16674840253	-1788.6526001097593	-28333.16674840253	136577.44836370033	3335891.4342775242	0.02366837350621477	2.4545921562767092	0.025135664081269295	0.07964055517398941	0.056699074011652424	0.30953404868922857	0.31754755492841796	0.12769546193536133	0.24522293444699214	-1731.8744491682314	928611.4288975329	1088209.6964521818	338670.6555958468	66579.54382257233	2	58	48	13	0.10140075753691943
832000	-30132.693023448497	-28333.124939828227	-1799.5680836202705	-28333.124939828227	134999.31786711703	3493838.5426427815	0.025066265358969896	2.3954648217434302	0.03754674731101147	0.056848199739589815	0.058476920012585594	0.3146722083944065	0.3171103410652455	0.1284030539976792	0.2398143965426689	-1741.7716309561617	1277408.284403235	1241382.0225073367	488009.5191625013	35939.22738416455	41	18	56	6	0.10299642642338339
840000	-30123.635929894488	-28333.087406968196	-1790.5485229262938	-28333.087406968196	150962.84314855136	3366689.845402762	0.019430842258276893	2.3954648217434302	0.03754674731101147	0.056848199739589815	0.017129432883261356	0.3146722083944065	0.3171103410652455	0.1284030539976792	0.2398143965426689	-1735.9478446205205	945751.8623940722	572112.1163983602	278218.1729427793	139781.62410776052	68	30	12	11	0.10299642642338339
848000	-30132.16412464436	-28333.97597724568	-1798.1881473986825	-28333.97597724568	149950.35505456175	3406902.7555774185	0.01616229066314645	2.43087156252931	0.05126615279316131	0.05571620652383349	0.02035072979713812	0.3113669113201625	0.31737707324665143	0.12795052471458024	0.24330549071860588	-1741.794345810715	825738.4329249811	1268869.34347608	447165.9988552725	98440.30960010954	71	14	20	16	0.10204715753689991
856000	-30125.137281907148	-28331.540877545627	-1793.596404361519	-28331.540877545627	136263.04181879904	3330506.997311662	0.03561902796964142	2.43087156252931	0.05126615279316131	0.05571620652383349	0.02035072979713812	0.3113669113201625	0.31737707324665143	0.12795052471458024	0.24330549071860588	-1737.3856321067565	1354965.2935868865	748335.093795915	263505.71646442043	88407.52563621158	46	46	20	9	0.10204715753689991
864000	-30131.637804633498	-28336.195446282858	-1795.4423583506411	-28336.195446282858	140855.9079767385	3405099.4333236916	0.03451554631134443	2.458754694948808	0.04942727297931199	0.05472346373551122	0.01997911346096248	0.3084937229774848	0.3175823691258747	0.1275249684594079	0.2463989394372326	-1738.1853394766729	1049433.2293508009	1266654.7932632177	231137.23224098273	254903.27061951364	77	2	20	22	0.10117729243478957
872000	-30119.988900489283	-28325.506852512804	-1794.4820479764778	-28325.506852512804	162367.79146556224	3371588.6387022124	0.05146330301431091	2.458754694948808	0.04244728337711245	0.05472346373551122	0.01997911346096248	0.3084937229774848	0.3175823691258747	0.1275249684594079	0.2463989394372326	-1737.4808825446605	1171738.2841524302	810078.1463797804	334200.2774305363	252147.27482087634	54	28	35	4	0.10117729243478957
880000	-30129.426567004666	-28343.927340458507	-1785.4992265461603	-28343.927340458507	156024.1690040324	3264477.193436736	0.02852634789871115	2.4266212279834503	0.04394963051245878	0.05569940433097073	0.020352167814665794	0.3113438769172108	0.3173122826883217	0.12803398124197263	0.24330985915249487	-1728.2518949362093	2603244.3545766096	799042.7518135388	258263.92548921777	169609.4612598045	5	84	23	9	0.10215130928089557
888000	-30126.408814264872	-28338.90371951925	-1787.5050947456223	-28338.90371951925	154187.04131124594	3237733.3479751665	0.028156294209658393	2.545055726403711	0.03150973295456856	0.05524390697543445	0.020179413902777513	0.3100499092064695	0.32123716967405175	0.12400505854936515	0.24470786257011348	-1732.342787069508	1151874.2310459872	566598.3341785588	333294.7029505487	27280.00033490256	45	48	24	4	0.101708673364912
896000	-30128.281285404024	-28337.31174361166	-1790.9695417923654	-28337.31174361166	147371.6813578392	3225775.135770368	0.028156294209658393	2.0653991639203824	0.03150973295456856	0.05524390697543445	0.020179413902777513	0.3100499092064695	0.32123716967405175	0.12400505854936515	0.24470786257011348	-1735.1416217352808	1313957.2965495463	882396.5627973534	330330.7060072407	101307.7625706286	11	77	25	8	0.101708673364912
904000	-30133.48169150618	-28343.45862376636	-1790.023067739817	-28343.45862376636	147255.3800755449	3357351.020731821	0.028156294209658393	2.4152083631189067	0.03150973295456856	0.05524390697543445	0.018806537558437707	0.3132674157817625	0.3180196630987588	0.12400505854936515	0.24470786257011348	-1734.8301483716457	510108.25190640456	779636.8643141664	358308.5152303217	202881.14345368755	1	87	14	19	0.101708673364912
912000	-30124.963842173584	-28339.05275742565	-1785.9110847479365	-28339.05275742565	136322.36761813087	3217064.4402710036	0.02881277752549484	1.9539388670811464	0.03241520959777278	0.05610861800691804	0.0076787611128714345	0.3055805516303409	0.31789942930102283	0.13416578409990115	0.24235423496873523	-1730.58335055758	1058233.9442477364	808263.91813339	652636.5637750184	108397.9485065048	54	35	15	17	0.10248584660926967
920000	-30145.88761226313	-28352.229612686977	-1793.657999576152	-28352.229612686977	135149.45561194624	3352227.1879649605	0.030220976634233374	2.2993033066546014	0.03435443255732414	0.03932456788418423	0.006539405914006747	0.3101644109813317	0.3175044543277612	0.1344759574653597	0.23785517722554736	-1737.481548630941	2169700.496657823	780279.4614407868	639262.2309573292	151100.8330000806	17	43	46	15	0.10417373348949974
928000	-30121.616205206294	-28335.738574178842	-1785.877631027453	-28335.738574178842	146265.16827831196	3251177.288453085	0.02943791008566713	2.3222000390342297	0.03327505670141908	0.09794341309506734	0.024557289325632472	0.30760358725716536	0.3141301044835867	0.13433672042047642	0.24392958783877147	-1729.3079774564762	1001294.2886917554	694999.5248848705	513837.3267170048	95389.6053333692	56	20	31	14	0.10323867887854761
936000	-30131.304801763163	-28351.37370461187	-1779.9310971512932	-28351.37370461187	142095.76581454996	3216023.362113663	0.029505121918302103	2.204703134713317	0.03336284837164731	0.04388863606313599	0.024594853952142	0.31550147155185027	0.31412365763852323	0.12666517075856085	0.24370970005106568	-1725.686186956	1067870.9579890147	514365.8404839655	71838.37254447426	109666.35740907432	41	64	4	12	0.10332481467666292
944000	-30119.677296728714	-28330.740135916672	-1788.9371608120432	-28330.740135916672	145433.36815428786	3249105.912103084	0.027941156663352475	2.1513656629085833	0.031222791711829234	0.04243072783668457	0.02353666426806568	0.3104782055656787	0.3210961770933464	0.1260611611978407	0.24236445614313415	-1731.5080338961395	631262.3421093107	1770944.1797386128	521891.3825402495	139799.07752564206	14	31	57	19	0.10142398632040284
952000	-30120.89480631445	-28324.002494366534	-1796.8923119479145	-28324.002494366534	149308.11849225848	3422085.3873802335	0.028866692319249414	2.1250337343676784	0.03248189188574418	0.026816497219273146	0.024200937342989462	0.30715520817301273	0.32085146510850177	0.12641926426075328	0.24557406245773228	-1742.1755616522366	2043956.3400121399	496823.36676718754	141857.27698441347	101906.15440752983	44	54	18	5	0.10253389721056033
960000	-30129.67835049221	-28334.929286281338	-1794.7490642108728	-28334.929286281338	147855.18802039174	3338310.2655557906	0.030361403829812648	2.2787889063386007	0.034545955954104444	0.03028971682195025	0.014736563188363609	0.31175406747183393	0.3164421834060344	0.1268686925185121	0.2449350566036195	-1741.2368305875962	927270.8694372756	594455.3595125619	158339.2615377426	95940.76077741466	69	28	15	9	0.1042517867984606
968000	-30130.1614013311	-28336.60276336217	-1793.5586379689312	-28336.60276336217	137309.54572045186	3344863.1712062987	0.030019185629634935	2.2886433560422264	0.034066992464013	0.030248063559893085	0.036658708776220274	0.31078525610705143	0.3164836289480667	0.1267868435545279	0.24594427139035396	-1738.4535371219147	1276031.7085765062	519763.17136472237	298150.36892276985	42604.9716124813	60	42	13	6	0.10385444588747539
976000	-30132.637531664317	-28349.40714726527	-1783.2303843990487	-28349.40714726527	156785.23756499815	3205141.6703462526	0.030019185629634935	2.2886433560422264	0.034066992464013	0.03059531582529416	0.036658708776220274	0.31078525610705143	0.3164836289480667	0.1267868435545279	0.24594427139035396	-1729.3865518847638	1034450.115073975	569227.9994254888	129841.22962344503	30315.56979646487	65	36	16	4	0.10385444588747539
984000	-30137.655678680414	-28346.345792277876	-1791.3098864025364	-28346.345792277876	151269.32780203896	3340363.5656437115	0.01991381865157093	2.310872113288398	0.03308237003176609	0.055440330673119875	0.035811019595639274	0.30872616040966844	0.31048092700023533	0.1326311454173709	0.24816176717272528	-1736.1288959422118	1105768.5600234505	680233.04834074	279654.63838258863	54037.88379486672	57	36	25	3	0.10301197909729891
992000	-30119.39488585054	-28340.711050594437	-1778.683835256101	-28340.711050594437	142534.17439250957	3172426.370278375	0.04529049965146178	2.243024344416911	0.03619298949804685	0.08049876230974377	0.016692070545739342	0.31502530615940566	0.3101724159004621	0.13340807332918675	0.24139420461094557	-1723.7836509480653	870609.381421657	596742.0222593615	191839.37314235326	84520.10280334807	75	19	21	6	0.10562984843217364
1000000	-30124.05901844376	-28339.03523364347	-1785.0237848002912	-28339.03523364347	166930.1259431414	3363288.925230423	0.04238179550955753	2.303762908425248	0.033416161160561536	0.0408565399820379	0.0264754262867532	0.3094772343865151	0.31047929117259665	0.1348351915226274	0.24520828291826074	-1730.423650360951	1129419.0790725173	635109.7078856102	180729.93057671314	23203.764105992577	50	45	25	1	0.10327853930774596
1008000	-30123.809248528203	-28334.042999053774	-1789.7662494744284	-28334.042999053774	139555.3738783846	3316069.552895611	0.040703079502676605	2.1061397088715883	0.025242498856561914	0.05586593982332792	0.025405578019517913	0.3058412773272236	0.3105100008414276	0.13450574393837803	0.24914297789297082	-1734.721933139946	1038532.4875601104	471180.09099790856	355608.51355058997	52984.66128132113	79	18	19	5	0.10161052805434692
1016000	-30133.09653836759	-28347.98887103033	-1785.10766733726	-28347.98887103033	159339.8245081922	3409358.649139854	0.03709518808745267	2.0296165160815782	0.02802637955578347	0.050581474500685744	0.027491352694443572	0.313286671715273	0.3181301793332904	0.12682884847235676	0.24175430047907986	-1730.6852973992113	1248418.14032616	285068.4059761213	226705.88029693626	49688.54046340638	63	33	20	5	0.104732080651826
1024000	-30140.565474207964	-28349.2356703002	-1791.3298039077638	-28349.2356703002	142677.04193359075	3315504.138762686	0.03350285976393619	2.125942131859815	0.024629476285318985	0.04831297597169862	0.024916256531522855	0.30494559370460156	0.3183380175323976	0.12590187872619724	0.25081451003680366	-1737.0808768920006	784290.7703627562	425152.2641085251	317693.32623967616	93615.82277526354	83	9	24	5	0.10084617635350329
1032000	-30148.01920158362	-28358.689904282317	-1789.3292973013001	-28358.689904282317	130586.97615549387	3249958.390244286	0.03438092741150918	2.102410622909129	0.03495135985930431	0.04890329308379546	0.025557382145671707	0.30715100916299554	0.3182639282700018	0.12619281575983926	0.24839224680716335	-1736.1204921691121	852858.8810075703	249053.1909501367	148247.87140566835	59508.896471431915	84	34	2	1	0.10187503665535629
1040000	-30130.900835432414	-28339.11143247196	-1791.7894029604554	-28339.11143247196	168188.6045376188	3411848.4123351555	0.03471312689272939	2.0927232957130513	0.035371074163032444	0.04910520064313942	0.022796740438329372	0.3078707258991764	0.3182653366696882	0.12625905233504364	0.2476048850960917	-1737.215711837985	954778.3845928612	430093.2678215261	195768.70750067092	153830.46836053501	74	39	7	1	0.10221174691358878
1048000	-30121.034324129403	-28330.388872503547	-1790.6454516258557	-28330.388872503547	144719.65723612998	3319397.3870652714	0.034595599536826525	2.0962070726063016	0.035225604865505425	0.049332769458992974	0.016997969652187642	0.3017421245859745	0.32414314085710544	0.12624133434634413	0.24787340021057586	-1735.3131775128727	1183370.2361349051	573296.5151433246	347583.49323007197	120414.80367344824	54	36	25	6	0.10210073341789702
1056000	-30135.079215409485	-28350.983074909924	-1784.0961404995617	-28350.983074909924	157189.99860101577	3308250.3985282094	0.028493339516722126	2.2971324030125753	0.03992955292586549	0.051621785440778827	0.018676240971992834	0.30909782897913884	0.3240821165550503	0.12705201166824373	0.23976804279756717	-1730.2860261582307	1035831.9949264487	376538.67211160075	189779.70547612302	30786.871296473477	77	31	9	4	0.10585860415380045
1064000	-30133.83684026161	-28344.298801803157	-1789.538038458453	-28344.298801803157	144760.59561298223	3311808.651770508	0.027371674792852064	2.337564818815432	0.04908732757471633	0.08481900181192709	0.017980264557571367	0.30614707529064744	0.32413445721010453	0.12671744127027781	0.24300102622897019	-1732.5043722024284	1347189.3104188482	851738.2049549874	474019.74175697914	93131.63107733014	43	28	31	19	0.10429966508313192
1072000	-30137.899931455406	-28341.972053812886	-1795.9278776425185	-28341.972053812886	153921.039448953	3318325.779901715	0.04247130684834924	2.333440378059395	0.04926556467254773	0.05228202335454334	0.018041408489452185	0.3028634881258073	0.324062119242391	0.130351632655489	0.24272275997631268	-1739.2672528839576	1224481.4854367424	792510.9643456762	421269.70286687015	127198.814629701	46	39	30	6	0.10444947435716317
1080000	-30149.116847544108	-28360.393305566624	-1788.723541977484	-28360.393305566624	135502.9976356418	3283679.382132653	0.04234092982708332	2.3429560281204647	0.05285681582512705	0.05209962667401068	0.01059254022978793	0.3022218726642615	0.3241932514352474	0.13026484366885036	0.2433200322316406	-1732.8284741285593	1395928.5488217908	853758.6638362759	323588.9122153154	30332.27496345664	24	75	17	5	0.10412400258453254
1088000	-30147.19201778466	-28349.63057476538	-1797.5614430192786	-28349.63057476538	150156.15424100356	3448446.155963026	0.024648722338512813	2.273149081122853	0.04919185361717113	0.02058238001101951	0.030677203170148985	0.30662155984935213	0.3158449996420556	0.12958834750281414	0.2479450930057782	-1740.5326293584837	1330339.9072443855	771400.1017723741	880141.4876326838	169459.7320575423	41	48	7	25	0.10175371252069793
1096000	-30135.05257758376	-28345.765731836425	-1789.2868457473328	-28345.765731836425	159005.95614929064	3241410.4285069215	0.024954506473642356	2.261398450116688	0.026286587284999982	0.037461305714037114	0.016370169330819234	0.3074863222439832	0.3157908903003257	0.12968857000357464	0.24703421745211646	-1730.606627275842	1.1208635463116715E7	837146.0439755177	153761.8220119772	203644.71902293584	4	86	30	1	0.10219816556047631
1104000	-30127.95421922025	-28341.386930122753	-1786.5672890974977	-28341.386930122753	153701.8067974706	3289983.6654634164	0.02601209769928169	2.2177491599879806	0.027683046433405745	0.051266697798749705	0.017042039980528393	0.31056696674943923	0.31553922336502976	0.1301834074589536	0.24371040242657732	-1731.6983068432446	1483515.1059550883	725374.4807197973	222797.63774612764	85360.31019129975	24	78	12	7	0.10394140802490179
1112000	-30121.577933602042	-28335.93923101837	-1785.6387025836723	-28335.93923101837	148750.819476813	3312516.5672126636	0.025418048390772763	2.2438426746479623	0.026899671724415073	0.03313495688576036	0.02933048334377598	0.3087525202835145	0.315711774482541	0.1298435576038526	0.24569214763009192	-1726.1515593926813	8190135.479975727	889187.0363194644	628085.4926683574	165404.83673808214	2	49	48	22	0.10286942407665127
1120000	-30142.312269412058	-28348.00406448343	-1794.3082049286286	-28348.00406448343	142426.81058350278	3357697.0074012913	0.025418048390772763	2.2438426746479623	0.04784951572587864	0.03313495688576036	0.01704002449729071	0.3087525202835145	0.315711774482541	0.1298435576038526	0.24569214763009192	-1737.7895692765926	1598090.8999870587	976364.9765122333	520031.5133724207	154752.81285707236	18	38	44	21	0.10286942407665127
1128000	-30153.511575905388	-28354.359260193633	-1799.1523157117565	-28354.359260193633	156494.15762481414	3628767.596725336	0.021817050313689766	2.289303683596443	0.019940767112249923	0.05451672745665325	0.016338816730963303	0.3106840940157706	0.31594474753300766	0.12669585799900684	0.24667530045221497	-1743.9843892049425	1245629.3106300333	981911.7741310191	393736.01714911626	61669.87816436156	42	21	54	4	0.10089229669700799
1136000	-30133.661803576197	-28337.297445235898	-1796.3643583403007	-28337.297445235898	154371.3549263049	3421961.099597572	0.03417736770349786	1.9412214385278768	0.018135256890845906	0.05303842524209141	0.015050715923966148	0.3049158881875755	0.3164256780389273	0.12995926024992116	0.24869917352357615	-1739.7350583512184	1471637.554552939	927382.1449469315	859254.8804074584	159015.91219402762	2	38	58	23	0.1
1144000	-30134.027275507924	-28345.06414450472	-1788.963131003207	-28345.06414450472	148177.84876707726	3343789.9330687625	0.0203610956140737	1.8034057480954016	0.02749430205250156	0.05304154756662478	0.015058199037554868	0.3082908028717484	0.3151701909805917	0.12995432591687467	0.2465846802307853	-1732.637440422969	1240956.7008855513	1273622.9096468645	718750.6876268686	157116.88929416952	36	8	52	25	0.10004543545750284
1152000	-30142.657982422777	-28350.94237789797	-1791.71560452481	-28350.94237789797	156516.92299115952	3373190.978036723	0.030542330654283686	1.7899954991355866	0.051558604622347834	0.05336591864535423	0.04674842038750272	0.30958875031816374	0.3150658547197846	0.13026162881511147	0.2450837661469401	-1734.4676715952824	954577.1976487378	735907.9245948317	595257.5136619572	208096.4145791956	29	30	34	28	0.10091966706326123
1160000	-30135.432889313695	-28338.485039432653	-1796.9478498810406	-28338.485039432653	167288.05448564462	3353260.4476705072	0.029996710760555628	2.0149769591199664	0.0444467708666597	0.052964281888263805	0.04572087785133168	0.3080339029011832	0.3152060197485245	0.12987310263687848	0.24688697471341375	-1739.5505647623036	1100822.0837888166	798723.9848568059	204125.2207407524	380293.3386962584	50	49	18	4	0.10161646848376862
1168000	-30120.29832598776	-28330.795537970705	-1789.5027880170514	-28330.795537970705	135475.832193542	3316173.066868109	0.03033467666839556	2.0006934938530287	0.045265922818799605	0.024862128031093507	0.014038134707268255	0.309024297063975	0.31511732067030945	0.1301203060771136	0.24573807618860188	-1736.1236905498356	1019911.0684010148	533040.3314907934	179673.4239399719	85533.47012707657	73	21	21	6	0.10257804696493297
1176000	-30125.195359183977	-28345.129230072856	-1780.0661291111223	-28345.129230072856	143590.79471750837	3294534.653791523	0.030869860035796757	1.979350808072803	0.02520467313470219	0.024999456053735842	0.04465265675449274	0.30618597816768095	0.3192695331602036	0.13052231801757966	0.2440221706545357	-1726.3388178706286	967799.9693948979	485506.14806165406	226078.200985831	29213.57644961749	71	31	14	5	0.10364943883871314
1184000	-30138.986137092357	-28341.687989209757	-1797.2981478825993	-28341.687989209757	154121.7136910169	3614329.9536329056	0.03126128855341231	1.9639131495088085	0.025699686535557757	0.045445774424569346	0.015724572555499125	0.30725738213495474	0.31916914066359914	0.1308205044203449	0.24275297278110128	-1743.0218884067185	1106088.174931578	731498.3266120139	282169.51272979646	28768.915697191947	73	25	18	5	0.10442810713432582
1192000	-30125.106030501964	-28333.828329344815	-1791.2777011571493	-28333.828329344815	149000.88837225214	3319777.7324326825	0.03075298915075948	2.451041364393211	0.024995301295798755	0.045193639431748846	0.01544786607477778	0.305825789028179	0.3194180890278713	0.13048285194104295	0.24427327000290694	-1735.8218256953942	1027616.2826230103	811175.6826244267	471118.9233041569	150499.49442720416	83	12	11	15	0.10340499673372203
1200000	-30122.922634752696	-28346.18990847666	-1776.7327262760389	-28346.18990847666	146989.24358637512	3148049.9277823754	0.04139141810118931	2.374036914781866	0.027691578764883536	0.04611772818660694	0.005785412988379371	0.3043640059541698	0.3229511749405195	0.1318399971744467	0.24084482193086387	-1724.0163262144006	899885.9698637489	474317.3295749794	181139.29885503455	67089.51687638975	66	31	20	4	0.10732179316058493
1208000	-30122.547052863076	-28336.64202541075	-1785.9050274523258	-28336.64202541075	175147.2179616004	3407043.851248551	0.027115891132998504	2.319258819286503	0.027229847304772934	0.05912397259507493	0.008888855492239766	0.30352782155026475	0.31749518219048894	0.13163748839455036	0.24733950786469583	-1731.6468701706722	872787.4887517799	890483.4943589937	300188.7104842325	61502.028324430066	44	42	32	3	0.10669593682025888
1216000	-30122.219295003193	-28345.13077045118	-1777.0885245520158	-28345.13077045118	141782.72723644605	3183422.065333601	0.028848971807040276	2.2470291802695015	0.030289725659063387	0.037955580469012075	0.009556847719865584	0.3130379210500451	0.3123485056302093	0.13280701963320027	0.24180655368654538	-1723.5798498381175	1152865.2519492093	652268.4937495908	238768.9283739046	21547.213754881483	50	30	36	5	0.11061028471267975
1224000	-30111.523936046804	-28329.41771025168	-1782.1062257951244	-28329.41771025168	138521.72711625934	3169324.2781819063	0.026698640848627418	2.33727918128208	0.026543071129051445	0.07985476112917206	0.008738450968792968	0.30673658616239335	0.3133671798129567	0.13143769630346305	0.24845853772118698	-1727.1701669168765	1275320.5346933422	802148.9612651621	278223.73080001737	124628.94591346376	7	73	28	13	0.10575987186853048
1232000	-30131.673662915244	-28332.88421517427	-1798.789447740974	-28332.88421517427	164687.26744443245	3599185.718461297	0.047414574333794264	2.2939978795338565	0.02825624652821933	0.0384144695847907	0.00910861913263259	0.3096999239140977	0.31287627275442054	0.13211799358881068	0.2453058097426711	-1744.2201544054217	1032039.4384343106	905420.9100333299	301059.55198726436	42765.109333048575	25	73	21	2	0.10808462689944498
1240000	-30129.306627338756	-28341.61645396677	-1787.6901733719874	-28341.61645396677	140684.68537987804	3353431.7679724856	0.039630823146299274	2.639840825931815	0.040137361486416195	0.05577980619500697	0.015652702427057304	0.31011977895659054	0.3128709780960642	0.13214894513128364	0.24486029781606172	-1732.1879164975276	1214353.7312657817	753082.2989428125	254153.9932107474	43009.120372077996	10	88	19	4	0.10830092589232561
1248000	-30164.61077103054	-28369.296935189515	-1795.3138358410251	-28369.296935189515	159922.50328864064	3394010.335440013	0.05459435525090349	2.689491645266738	0.05857266832989611	0.05517027059576778	0.04250209844753642	0.30731582776481947	0.31337992421573185	0.13145435242037604	0.24784989559907267	-1737.8056834942108	885473.8741573595	812064.3296939938	286301.2098900689	192597.99415542925	10	72	22	17	0.1060502977279817
1256000	-30144.036222031114	-28343.327093861462	-1800.7091281696512	-28343.327093861462	157807.3158956369	3475264.987507048	0.03586437323555236	2.0884280762951035	0.03634591572060633	0.05474837675178145	0.009490148763404222	0.30509715913507673	0.3136232946689302	0.1310243416396596	0.25025520455633343	-1744.7385798758312	1034736.5808320201	747414.6422760558	716684.1945349071	100911.77500570698	34	49	25	13	0.10426375917000924
1264000	-30146.448748371182	-28347.929815154363	-1798.51893321682	-28347.929815154363	165363.84651460487	3519658.9582018466	0.03533109494594235	2.106167962658985	0.02256405692180645	0.054460975305010186	0.02516078654379996	0.303523326280251	0.3137580176834816	0.1307368741141928	0.25198178192207454	-1742.9936858823933	1020317.6234816388	532683.3589741003	463917.187420393	149981.8766043552	76	6	23	16	0.10300557917549634
