#
#model:
#
#<?xml version="1.0" encoding="UTF-8" standalone="no"?><input id="posterior" spec="beast.base.inference.CompoundDistribution">
#    <distribution id="prior" spec="beast.base.inference.CompoundDistribution">
#        <distribution id="BayesianSkyline.t:sequences" spec="beast.base.evolution.tree.coalescent.BayesianSkyline">
#            <parameter dimension="7" id="bPopSizes.t:sequences" lower="0.0" name="popSizes" spec="beast.base.inference.parameter.RealParameter">380.0</parameter>
#            <groupSizes dimension="7" id="bGroupSizes.t:sequences" spec="beast.base.inference.parameter.IntegerParameter">1</groupSizes>
#            <treeIntervals id="BSPTreeIntervals.t:sequences" spec="beast.base.evolution.tree.TreeIntervals">
#                <tree id="Tree.t:sequences" spec="beast.base.evolution.tree.Tree">
#                    <taxonset id="TaxonSet.sequences" spec="beast.base.evolution.alignment.TaxonSet">
#                    </taxonset>
#                </tree>
#            </treeIntervals>
#        </distribution>
#        <distribution id="MarkovChainedPopSizes.t:sequences" jeffreys="true" parameter="@bPopSizes.t:sequences" spec="beast.base.inference.distribution.MarkovChainDistribution"/>
#        <prior id="FrequenciesPrior.s:sequences" name="distribution">
#            <parameter dimension="4" id="freqParameter.s:sequences" lower="0.0" name="x" spec="beast.base.inference.parameter.RealParameter" upper="1.0">0.25</parameter>
#            <distr id="Dirichlet.0" spec="beast.base.inference.distribution.Dirichlet">
#                <parameter dimension="4" estimate="false" id="RealParameter.13" name="alpha" spec="beast.base.inference.parameter.RealParameter">4.0 4.0 4.0 4.0</parameter>
#            </distr>
#        </prior>
#        <prior id="GammaShapePrior.s:sequences" name="distribution">
#            <parameter id="gammaShape.s:sequences" lower="0.1" name="x" spec="beast.base.inference.parameter.RealParameter">1.0</parameter>
#            <Exponential id="Exponential.0" name="distr">
#                <parameter estimate="false" id="RealParameter.0" name="mean" spec="beast.base.inference.parameter.RealParameter">1.0</parameter>
#            </Exponential>
#        </prior>
#        <prior id="RateACPrior.s:sequences" name="distribution">
#            <parameter id="rateAC.s:sequences" lower="0.0" name="x" spec="beast.base.inference.parameter.RealParameter">1.0</parameter>
#            <Gamma id="Gamma.0" name="distr">
#                <parameter estimate="false" id="RealParameter.1" name="alpha" spec="beast.base.inference.parameter.RealParameter">0.05</parameter>
#                <parameter estimate="false" id="RealParameter.2" name="beta" spec="beast.base.inference.parameter.RealParameter">10.0</parameter>
#            </Gamma>
#        </prior>
#        <prior id="RateAGPrior.s:sequences" name="distribution">
#            <parameter id="rateAG.s:sequences" lower="0.0" name="x" spec="beast.base.inference.parameter.RealParameter">1.0</parameter>
#            <Gamma id="Gamma.1" name="distr">
#                <parameter estimate="false" id="RealParameter.3" name="alpha" spec="beast.base.inference.parameter.RealParameter">0.05</parameter>
#                <parameter estimate="false" id="RealParameter.4" name="beta" spec="beast.base.inference.parameter.RealParameter">20.0</parameter>
#            </Gamma>
#        </prior>
#        <prior id="RateATPrior.s:sequences" name="distribution">
#            <parameter id="rateAT.s:sequences" lower="0.0" name="x" spec="beast.base.inference.parameter.RealParameter">1.0</parameter>
#            <Gamma id="Gamma.2" name="distr">
#                <parameter estimate="false" id="RealParameter.5" name="alpha" spec="beast.base.inference.parameter.RealParameter">0.05</parameter>
#                <parameter estimate="false" id="RealParameter.6" name="beta" spec="beast.base.inference.parameter.RealParameter">10.0</parameter>
#            </Gamma>
#        </prior>
#        <prior id="RateCGPrior.s:sequences" name="distribution">
#            <parameter id="rateCG.s:sequences" lower="0.0" name="x" spec="beast.base.inference.parameter.RealParameter">1.0</parameter>
#            <Gamma id="Gamma.3" name="distr">
#                <parameter estimate="false" id="RealParameter.7" name="alpha" spec="beast.base.inference.parameter.RealParameter">0.05</parameter>
#                <parameter estimate="false" id="RealParameter.8" name="beta" spec="beast.base.inference.parameter.RealParameter">10.0</parameter>
#            </Gamma>
#        </prior>
#        <prior id="RateGTPrior.s:sequences" name="distribution">
#            <parameter id="rateGT.s:sequences" lower="0.0" name="x" spec="beast.base.inference.parameter.RealParameter">1.0</parameter>
#            <Gamma id="Gamma.5" name="distr">
#                <parameter estimate="false" id="RealParameter.11" name="alpha" spec="beast.base.inference.parameter.RealParameter">0.05</parameter>
#                <parameter estimate="false" id="RealParameter.12" name="beta" spec="beast.base.inference.parameter.RealParameter">10.0</parameter>
#            </Gamma>
#        </prior>
#    </distribution>
#    <distribution id="likelihood" spec="beast.base.inference.CompoundDistribution" useThreads="true">
#        <distribution data="@sequences" id="treeLikelihood.sequences" spec="beast.base.evolution.likelihood.ThreadedTreeLikelihood" tree="@Tree.t:sequences">
#            <siteModel gammaCategoryCount="4" id="SiteModel.s:sequences" shape="@gammaShape.s:sequences" spec="beast.base.evolution.sitemodel.SiteModel">
#                <parameter estimate="false" id="mutationRate.s:sequences" lower="0.0" name="mutationRate" spec="beast.base.inference.parameter.RealParameter">1.0</parameter>
#                <parameter estimate="false" id="proportionInvariant.s:sequences" lower="0.0" name="proportionInvariant" spec="beast.base.inference.parameter.RealParameter" upper="1.0">0.0</parameter>
#                <substModel id="gtr.s:sequences" rateAC="@rateAC.s:sequences" rateAG="@rateAG.s:sequences" rateAT="@rateAT.s:sequences" rateCG="@rateCG.s:sequences" rateGT="@rateGT.s:sequences" spec="beast.base.evolution.substitutionmodel.GTR">
#                    <parameter estimate="false" id="rateCT.s:sequences" lower="0.0" name="rateCT" spec="beast.base.inference.parameter.RealParameter">1.0</parameter>
#                    <frequencies frequencies="@freqParameter.s:sequences" id="estimatedFreqs.s:sequences" spec="beast.base.evolution.substitutionmodel.Frequencies"/>
#                </substModel>
#            </siteModel>
#            <branchRateModel id="StrictClock.c:sequences" spec="beast.base.evolution.branchratemodel.StrictClockModel">
#                <parameter estimate="false" id="clockRate.c:sequences" lower="0.0" name="clock.rate" spec="beast.base.inference.parameter.RealParameter">1.69E-8</parameter>
#            </branchRateModel>
#        </distribution>
#    </distribution>
#</input>
#
Sample	posterior	likelihood	prior	treeLikelihood	Tree.height	Tree.treeLength	rateAC	rateAG	rateAT	rateCG	rateGT	freqParameter.1	freqParameter.2	freqParameter.3	freqParameter.4	BayesianSkyline	bPopSizes.1	bPopSizes.2	bPopSizes.3	bPopSizes.4	bPopSizes.5	bPopSizes.6	bPopSizes.7	bGroupSizes.1	bGroupSizes.2	bGroupSizes.3	bGroupSizes.4	bGroupSizes.5	bGroupSizes.6	bGroupSizes.7	gammaShape
0	-106624.4768677086	-105844.98835547356	-779.4885122350412	-105844.98835547356	1.3526691156159116	9.94332360310051	1.0	1.0	1.0	1.0	1.0	0.25	0.25	0.25	0.25	-719.0993150019528	380.0	380.0	380.0	380.0	380.0	380.0	380.0	18	18	17	17	17	17	17	1.0
8000	-56050.94822867005	-55296.07040085788	-754.8778278121653	-55296.07040085788	19605.092047639177	39623.03290944595	1.0612546042150732	2.561842790462822	0.8402132987195576	0.4451950425050815	0.12597506260927327	0.21577141000324696	0.37533155954871256	0.1883363009027285	0.22056072954531203	-682.1146042750433	122.59015589226233	373.84493213359934	212.41841505695106	233.02591162138927	68.07236784187957	51.82746938489531	1101.3437975405166	8	16	9	13	36	38	1	0.9955520276510746
16000	-43575.82555374964	-42623.23981597187	-952.5857377777664	-42623.23981597187	10720.693922957755	27867.943801510297	0.7897104875735474	4.627337693452316	0.3813561988229887	0.6983369742185598	0.1687759200695371	0.34868448575247046	0.3023189697858823	0.11366204369353793	0.23533450076810933	-876.0181144545724	2623.33073945792	3181.5121203313824	825.8672169899537	2749.517908814901	444.16057025529943	222.48910806501462	2133.7421614873697	7	8	14	4	31	54	3	0.5120356651520327
24000	-34777.73648811958	-33413.414159562155	-1364.322328557431	-33413.414159562155	80528.9050279393	616272.4507865537	0.8421861252003094	4.601322762309711	0.20684907859830456	0.24889277574350446	0.032661025055122764	0.2779962028095213	0.3418814685075322	0.11335498694413114	0.26676734173881544	-1273.087183206474	15428.579092751424	45706.90659425038	12389.931484745073	4244.064855654413	5291.168796585277	7022.071697847917	82062.16538376235	18	3	18	1	14	48	19	0.31246570965890885
32000	-32068.075057138896	-30380.754468498813	-1687.3205886400824	-30380.754468498813	128893.45911184233	1806071.2741195476	0.23063846326770024	4.601322762309711	0.20684907859830456	0.12285392406404629	0.032661025055122764	0.284525595477204	0.3418814685075322	0.11335498694413114	0.26023794907113273	-1588.7363787219388	77806.20358055292	291448.14294337475	228752.7033482422	68200.93117548316	106039.00540276378	67031.14641370678	285170.2687795326	1	18	7	3	8	46	38	0.16272623062258967
40000	-30839.793757246694	-28997.658274102178	-1842.135483144516	-28997.658274102178	146331.28422270983	3576566.082898699	0.14525369355902035	4.601322762309711	0.20684907859830456	0.045495279617324934	0.04057362865589439	0.284525595477204	0.33031253823513856	0.12492391721652478	0.26023794907113273	-1732.107091987579	862803.8333498279	3617544.8936117985	1494518.6464983278	1005292.7936014594	1408966.5032033788	591089.2190720546	197148.33481689068	5	10	14	18	8	41	25	0.16272623062258967
48000	-30355.614871336893	-28509.5319232828	-1846.082948054094	-28509.5319232828	149019.02447602933	3368564.7653007205	0.088202378986409	4.601322762309711	0.20684907859830456	0.045495279617324934	0.02140821884914472	0.3021582903319062	0.3126798433804364	0.12492391721652478	0.26023794907113273	-1739.0481094424765	644527.7237307962	2198008.7887854497	1460674.9417591589	1385193.146127439	737191.2100066417	633508.0811069678	311703.123199381	4	20	11	7	19	4	56	0.16272623062258967
56000	-30203.84623763555	-28356.611607252988	-1847.2346303825625	-28356.611607252988	163308.8775956371	3487650.3513034773	0.032445218986285204	2.3121683078495345	0.08959693982353871	0.03528467935099916	0.02128409385386911	0.3082989906201348	0.31453454764680333	0.12238144688323797	0.25478501484982385	-1743.7790132939954	2149395.2907963353	1267770.1929169553	481363.9011034235	1373706.1860919297	911873.2226501732	314005.7703716329	314550.7362308745	2	17	2	7	36	8	49	0.13734248694791076
64000	-30206.230489889986	-28361.658371626814	-1844.5721182631714	-28361.658371626814	154286.34964108333	3438520.4432532997	0.034555860002219586	2.4547365509412837	0.05002744824721797	0.033331275966092894	0.027903990224635154	0.3077055909879517	0.3133679493469087	0.12397144072124042	0.2549550189438992	-1741.6759394190876	1834030.8742637592	763215.2574849977	1103016.1119571528	1366366.4624254822	470330.6456248327	621358.7276233077	463931.23254937725	17	10	9	22	15	6	42	0.1332504589800425
72000	-30190.220867996046	-28353.59259371487	-1836.6282742811745	-28353.59259371487	139536.77495088807	3158259.123366707	0.03421352973618712	2.3146223511732744	0.04603594839106115	0.07004238220623381	0.036916061430007106	0.3085738958685507	0.32263750146895004	0.12704225934404526	0.24174634331845385	-1731.9654357993813	1274905.1783787655	757879.9401244787	1037373.4838526694	1782441.0206758108	1264066.0942480594	1002049.1991323131	352597.5056034724	12	13	11	1	22	4	58	0.12555580394084134
80000	-30193.469249115707	-28359.100974618388	-1834.368274497321	-28359.100974618388	141701.35550809893	3164998.4809492985	0.03421352973618712	2.3146223511732744	0.04603594839106115	0.046311225061847865	0.036916061430007106	0.3085738958685507	0.32263750146895004	0.12704225934404526	0.24174634331845385	-1726.0042073587194	5974017.380063588	642498.6598259232	1784456.3159483492	2519968.6643985217	722413.9801203873	1045955.5593898738	318207.1537705149	1	36	2	2	19	16	45	0.12555580394084134
88000	-30180.965666593424	-28346.98450288357	-1833.9811637098528	-28346.98450288357	152447.3198172929	3327326.9411929306	0.03319532331115268	2.4148235132808193	0.051051133510367636	0.04659162137548719	0.041463870836671475	0.31214225957787134	0.31022431915632404	0.1345809386042183	0.2430524826615863	-1729.0520813111586	892486.4239206605	489471.21917431825	1174998.6946763305	2017978.6093140587	672981.9833252275	1397061.3976915283	288075.3668438874	16	27	11	2	19	5	41	0.11430641016166924
96000	-30182.83491966948	-28346.454448690856	-1836.380470978624	-28346.454448690856	133615.552151274	3370256.3804520285	0.03145242903127547	1.9497582975374605	0.021049201179781478	0.04295539290138912	0.04294348677778577	0.31512529424872854	0.31256852583689754	0.13061441187467568	0.24169176803969816	-1733.6331636508748	3068162.689542085	535510.0532944807	652656.7191764963	558300.4927642768	1270635.3620339783	770300.9899867052	267187.2263000122	14	23	2	6	18	16	42	0.12121151811517075
104000	-30186.588552168658	-28348.86698837618	-1837.7215637924771	-28348.86698837618	138145.2565532878	3421922.4006995275	0.03365880477289985	2.052424352703358	0.0210113921448911	0.045132754898198534	0.019016442476796076	0.30420592214936826	0.3190061164604262	0.1322150984319276	0.24457286295827813	-1736.2052320335442	1893274.3137856952	588068.3246748166	745490.3872702249	1312281.6280052229	1155769.8642048014	593031.0120981552	245728.8871679426	9	27	11	9	2	34	29	0.10145075169931578
112000	-30182.851200034267	-28355.39291284811	-1827.4582871861578	-28355.39291284811	142024.46110188984	3321519.1735938014	0.02249502144914488	2.1409566709940693	0.021993582216523797	0.04312059944092581	0.010424189861671526	0.31561079800740277	0.3105983056359569	0.12695089262237683	0.24684000373426346	-1726.5807429795557	3260287.5942729623	828315.8114137229	1142332.5871666519	810229.0397121304	1034704.7427516399	468287.13336335006	119385.17718409932	10	23	13	8	15	37	15	0.10259651720322896
120000	-30177.33670507673	-28349.066119136725	-1828.2705859400057	-28349.066119136725	158921.41299937223	3300863.174639536	0.035808015527937435	2.3669347510242487	0.02386555140752873	0.04204061461391277	0.004594129445794991	0.31365094166975893	0.31607044923951605	0.1288372347483756	0.24144137434234947	-1730.4005179398923	1724926.0859573076	1279940.1174173625	377208.73397752736	561492.8279516215	727156.9337179333	271451.1877658804	142993.78007139618	15	3	7	8	62	7	19	0.1
128000	-30162.62745331026	-28336.712708086252	-1825.9147452240052	-28336.712708086252	137490.12459510926	3269318.672534192	0.055037874324202665	2.4556189095125323	0.024595370398498042	0.022594743649346133	0.004446348616201028	0.3068097637017588	0.3186093524769127	0.12897593265842702	0.2456049511629015	-1727.817497920909	2057580.437478686	818117.5885551645	1205022.1544512082	542019.2714796796	801368.0504943511	188614.0028091617	57701.447615152756	7	6	6	8	63	30	1	0.1
136000	-30177.107021560027	-28348.824376519584	-1828.2826450404436	-28348.824376519584	142550.34604734575	3130559.446401272	0.03213550615445386	2.5414746695478336	0.026689401326153606	0.049946761151737844	0.03403627027448414	0.3093648259873827	0.31636866185520385	0.12846430559721314	0.24580220656020024	-1728.5844958928456	1573591.3940298795	1483243.0678795301	701493.8659912768	639699.4866938445	611083.0409664212	239113.84383224373	75937.58376873109	4	4	11	47	30	15	10	0.1
144000	-30177.310309647597	-28337.579329099106	-1839.7309805484915	-28337.579329099106	144664.66975080236	3480860.607208112	0.03339677274631443	2.484308335208949	0.04064975152872669	0.08428677386029423	0.02936790467130945	0.305125400100934	0.31646811826304877	0.1307683672180498	0.2476381144179673	-1737.7417432784762	1665845.4919827438	539750.4124718376	1110598.73483766	1125277.682036095	461028.4790590992	455944.97313484777	118619.57185667111	13	12	6	37	10	28	15	0.1
152000	-30180.81046729445	-28347.93035819298	-1832.880109101468	-28347.93035819298	139659.5344075907	3247335.4070787467	0.032581083684212656	2.3851325513261834	0.04157481375129675	0.08822998161012821	0.028512786728156134	0.3137915028109826	0.31288068737431557	0.12954249984646216	0.24378530996823972	-1727.1682465665788	7166582.733743697	4120868.2096922537	1076232.4912460074	464888.74231807137	963217.6777154228	338711.78861005435	208009.4890236426	2	1	5	19	40	49	5	0.1
160000	-30174.331927747007	-28340.97533132797	-1833.3565964190373	-28340.97533132797	144756.40983322862	3340312.4048055606	0.03205256873296193	2.3195239870491315	0.030283069190319544	0.08577375003047832	0.02779479519463024	0.3136124152617913	0.3139822850434835	0.129299337855079	0.24310596183964614	-1729.946732423606	978091.580304255	3098786.860187193	743488.2898150787	878918.4444907487	943228.8847827365	281060.27918874554	180430.63719400656	5	3	20	1	54	25	13	0.10293393448546458
168000	-30195.282080523903	-28349.090056458605	-1846.1920240652978	-28349.090056458605	155548.83281255706	3498165.7294193287	0.03183176378124245	2.3407901249404772	0.03161979616541696	0.042517868756470664	0.028979560854627148	0.3102597428799385	0.31487504321955495	0.12733470202982908	0.24753051187067734	-1744.3732512908891	971148.2963390494	1225716.0030659654	430242.85248771746	1355905.158142682	724836.8538722771	469686.1069584278	208773.45108284554	10	32	3	8	31	13	24	0.1
176000	-30159.013532678764	-28330.824922629243	-1828.1886100495212	-28330.824922629243	147764.89633657166	3308463.7098941226	0.030721042563369855	2.3017910517846807	0.032520676978471344	0.04442131197036216	0.05501477900450106	0.31256451587894996	0.31526135306956493	0.13032461866746564	0.2418495123840194	-1727.8420913675213	863679.5974016329	1085456.292278697	1583096.117618775	925228.2108667609	551569.5679276442	261466.56510914612	62544.494810077354	21	20	5	26	27	17	5	0.10225617250148444
184000	-30163.319147677463	-28336.23733401474	-1827.0818136627252	-28336.23733401474	129744.24360601052	3153934.3989692386	0.03191889843241642	2.0102923181626675	0.032152068581165656	0.04652046457271684	0.01001600592432603	0.31555276931214543	0.3202982400340334	0.12522322602162025	0.23892576463220097	-1728.6291590111427	1151887.9782050452	540064.0058398931	880911.6660774611	1556041.4507294807	386955.74450195767	181648.377957163	118960.89082885056	7	2	36	20	39	14	3	0.10136677266509658
192000	-30184.200314930604	-28351.418890695586	-1832.781424235019	-28351.418890695586	153660.68051472335	3292340.0714382697	0.03655346487770093	2.1549811300292743	0.03260254685698116	0.021967447559448988	0.021300133701072404	0.3118276851831183	0.3139849137511971	0.12706115504336152	0.24712624602232308	-1733.2678680859499	3176028.4952950575	509811.47186723043	752016.879608284	904765.6035771988	553874.7862361886	200994.4801216821	117904.70481386821	4	2	48	20	30	7	10	0.10218632558267672
200000	-30178.89582200156	-28339.288760412914	-1839.607061588647	-28339.288760412914	162573.54817321984	3488897.1487336783	0.034487628529213075	2.2096945638781027	0.0330028697023757	0.02241211955582337	0.02030061802343403	0.3087233787088045	0.31719085879565073	0.1285874047607423	0.24549835773480236	-1739.7272335515613	1201207.6468136741	1787181.539920157	947554.7432411019	1080435.7148457903	564405.8128383141	337109.74251568026	100123.34543135227	2	6	53	6	39	2	13	0.10006120239661925
208000	-30150.247178296544	-28320.1350081821	-1830.1121701144455	-28320.1350081821	158663.53256340243	3377577.6339628305	0.02284308001395065	2.1536031870422327	0.029272408390153402	0.027597030390891668	0.020553296292700474	0.30557797094618677	0.3136310851917567	0.13000650624757631	0.2507844376144802	-1733.334416746894	1106844.2056449028	402338.9639792139	646651.6623005589	654314.7557265916	636374.025623929	225887.41522620464	76309.45443854533	37	4	25	27	8	15	5	0.1
216000	-30176.580548757698	-28341.73609579987	-1834.844452957828	-28341.73609579987	163901.0462456639	3377577.748271442	0.04659912816456588	2.2227567002129	0.029668465493803618	0.05863054804388919	0.0518950815674922	0.3104713329115728	0.32123486165728327	0.12671389675543246	0.24157990867571147	-1732.2612702119204	2385048.7380374144	558021.9304675604	1106128.0598223151	1051737.8371442347	681005.7651931482	414154.53532577027	34042.52667134759	6	20	26	8	36	21	4	0.10300020458748527
224000	-30181.220488430685	-28349.989374021785	-1831.2311144088987	-28349.989374021785	139847.3976451084	3345316.5254287706	0.03255083164184946	2.3741346894206785	0.02946908954299524	0.04553389782973094	0.03621803825694569	0.31225355148025746	0.309434649999266	0.12983902684267068	0.24847277167780593	-1730.680751910838	2018852.1290966428	3411023.1756785335	834400.9467591883	522819.2372492002	145526.80349027997	72273.5088493938	206541.8180801192	4	3	53	42	15	3	1	0.1
232000	-30160.573421701418	-28334.553472741165	-1826.0199489602544	-28334.553472741165	151367.36861627165	3260508.4389678454	0.034050756381152125	2.360428781762228	0.027998175446657437	0.04392175476594004	0.036485112718509696	0.31070954144470003	0.3119529703096389	0.12994583789092404	0.2473916503547371	-1728.6932384560698	939495.0576857869	809573.7706249123	878128.8313298764	699314.8098098336	226321.8081742426	217264.35244054915	12967.442544976411	7	24	41	30	10	4	5	0.1060399843699369
240000	-30200.80990754779	-28360.257383810145	-1840.5525237376469	-28360.257383810145	162942.8603309192	3535029.286758537	0.04574185891798692	2.2178571367326176	0.025169806215794673	0.04086710579926684	0.019255144685426464	0.3112712289110542	0.3135723764391992	0.1321204913802209	0.2430359032695257	-1742.8138580513926	1069222.5301468505	612195.8726646386	1259398.9940872507	870908.2163158795	266257.9934276147	175497.10560808063	51062.00886268626	20	1	37	35	22	2	4	0.10002113993659513
248000	-30178.806369231974	-28343.341037932936	-1835.4653312990372	-28343.341037932936	156312.58112573845	3443595.5278594447	0.026296908081434773	2.1510585178297275	0.024767826173754216	0.041509351355351234	0.031946454752566335	0.30123762683597627	0.3189239050143241	0.1316311885771158	0.24820727957258393	-1739.805237178569	1221979.5775231277	926467.3190796133	954962.5234332705	620796.8027341589	340746.97559992556	57790.335333320836	12678.764815616865	1	17	24	46	27	5	1	0.10256334527757134
256000	-30172.878930093608	-28353.021315609694	-1819.8576144839124	-28353.021315609694	131562.2989837924	3141628.1740611335	0.029049572889287043	2.1288401003498483	0.0362014679601835	0.05729251918714659	0.030638968291236583	0.3161813158881425	0.3092335059294587	0.13757536948201513	0.23700980870038366	-1721.4988075751135	1727076.062351574	622158.4156643855	384340.10341538914	710395.4996687649	357169.7476412047	211949.4698630789	130814.83956541368	12	15	3	54	16	16	5	0.10663707728312255
264000	-30159.159268419622	-28345.738381276686	-1813.4208871429382	-28345.738381276686	160111.25257346334	3285156.357274683	0.03044224960640957	2.1383356283406965	0.03398163103984285	0.05681727406754029	0.03052467170988281	0.3115732011711411	0.3175691297002054	0.1296527475744205	0.24120492155423298	-1716.2875999140556	2407515.972785729	437191.88305976335	232748.37717448018	629540.6238042506	238200.71511991217	120498.25950869979	27823.786236263644	13	21	5	52	17	11	2	0.10060853328113238
272000	-30157.151189611897	-28343.039447734576	-1814.1117418773201	-28343.039447734576	155946.36175673	3297645.560569353	0.026698179043284014	2.029761396624619	0.03255122632224891	0.05560953688116206	0.015583510287040227	0.31351845051467114	0.31714118483511144	0.13082236763127678	0.23851799701894064	-1718.5048451108958	1849495.7685296822	459800.619339914	384239.81697699585	778644.9520423459	247610.53301704043	70431.01080740074	31303.300158887818	11	17	2	58	26	3	4	0.10151683498726559
280000	-30148.08153334869	-28337.788410818197	-1810.293122530493	-28337.788410818197	142265.2106444951	3121493.202462013	0.02302331321529643	2.1000038172293523	0.03474211337992327	0.053611949285633634	0.0065179096732535195	0.3163480453684755	0.3079790638345057	0.1282595474009637	0.24741334339605509	-1714.0457406455484	1476947.2437000505	492860.5461568295	732117.0906383997	731908.2299178151	266414.92804768984	64411.05609103847	134161.81333719226	17	22	6	41	30	3	2	0.10247125976444503
288000	-30158.972634996073	-28338.819912675066	-1820.1527223210062	-28338.819912675066	151007.3367435977	3382411.269402495	0.05567387463754082	2.0720403423143106	0.03669792062201699	0.05709805079903529	0.009828185699039252	0.30983799713818444	0.3224097666475899	0.1312293421039826	0.23652289411024308	-1719.8322016993682	2272798.753665696	152762.42047937537	380921.26393030543	730213.2765144183	750751.6652472566	346152.8348755922	187354.47145833645	10	9	12	30	25	32	3	0.1
296000	-30141.84076682376	-28340.88339569745	-1800.9573711263095	-28340.88339569745	147066.55376928567	3310220.062891666	0.02119622053039305	2.129779032374274	0.037693942174235336	0.051210984552087696	0.02116209382877142	0.30314394849362697	0.3166638202685773	0.13521910160517717	0.2449731296326185	-1701.4431296465864	2045207.4743222212	326114.8764476621	155327.87270489745	499877.13895894197	1057178.7018810213	299379.28794573876	88529.61900791046	11	5	21	15	34	31	4	0.10196755187364387
304000	-30159.975243780624	-28349.44585650902	-1810.529387271601	-28349.44585650902	143471.27130538033	3359310.274007186	0.020649073370353068	2.0792527525075406	0.036337611741182524	0.05031350898149921	0.02093124164804519	0.3134924872019916	0.3107498380950825	0.13371432358878527	0.24204335111414077	-1712.4461116501882	2158628.9639922003	216640.82116267245	177607.38160311125	389325.75719167915	873205.5840038245	287136.1668567967	49300.94554896158	14	4	17	2	50	32	2	0.1
312000	-30165.89952779442	-28339.724440953953	-1826.1750868404674	-28339.724440953953	128631.323201779	3228180.5587784373	0.032280766532987865	2.240138471615471	0.04554294401931523	0.04734183074262086	0.014190854344215183	0.3050494983337168	0.315009096558092	0.13413400087875688	0.24580740422943417	-1723.537780590674	3602762.6627841447	4013895.926863937	345622.7155826408	592995.1183724296	640274.8728088652	447222.85448625474	123051.49458779719	7	5	2	11	64	12	20	0.1
320000	-30176.50436163988	-28339.412720157354	-1837.0916414825247	-28339.412720157354	158389.7964558909	3537902.2229087655	0.02408457207527838	2.1609566306165857	0.04411789002075479	0.026728165689368408	0.046446652791300704	0.30979297093811337	0.31622673229229836	0.12813442404763045	0.24584587272195788	-1736.6980323399866	3482078.5673436727	553908.3712828143	212868.96084317492	461758.4972639721	849408.4112350793	297166.804580326	124034.39260184388	9	8	2	30	48	17	7	0.1
328000	-30165.42679692798	-28333.07757423551	-1832.3492226924673	-28333.07757423551	148478.81791012792	3277465.6088588713	0.03936757275741722	2.2154565688668977	0.024312956322779192	0.06166539141035928	0.05722064244663753	0.30892155819873607	0.3138395130106845	0.12975390515840904	0.24748502363217031	-1730.0511707836229	1887090.6505570898	696877.2720826804	747826.5739423906	2159554.7639844622	677582.5552447714	195412.15023178395	46100.673795304974	7	19	13	9	45	26	2	0.1
336000	-30191.246189668895	-28350.590801444156	-1840.6553882247404	-28350.590801444156	145137.28069619468	3514607.2130107153	0.02560702021125997	2.093540022599896	0.024796287401287143	0.06808970214275142	0.056813649806620264	0.3151926110620376	0.31287445273327025	0.13180880043408602	0.24012413577060623	-1740.9710449053828	1566607.192007572	810796.6142415849	719336.8571973956	804908.6162478566	614514.4433208168	212077.45947823816	117794.2046637063	11	24	18	24	21	16	7	0.1
344000	-30164.64602661424	-28333.294616514373	-1831.3514100998673	-28333.294616514373	160497.29337535222	3487576.271749612	0.02560702021125997	2.093540022599896	0.04258450723137735	0.04684280444423247	0.014179142818109636	0.3151926110620376	0.31287445273327025	0.13180880043408602	0.24012413577060623	-1731.2763164230396	1580212.0130066774	1504711.8025070764	357844.99794691615	1180072.4397825757	557735.527121207	116155.15755126551	108637.85953533745	7	7	11	32	51	9	4	0.11828023170876385
352000	-30196.484310736658	-28355.405231448254	-1841.0790792884034	-28355.405231448254	164755.207780035	3615925.174499231	0.026263174012682872	2.0091391882142733	0.024054780057907912	0.03713852377370402	0.012794911486351396	0.31014765743192513	0.31837561371622397	0.13035286326830808	0.24112386558354273	-1740.2352764879272	3732076.9811010207	531910.6143651028	1267334.9637923383	911359.1862774558	550251.5151468641	398389.03315081244	107720.10949775635	2	16	28	8	26	26	15	0.1103197709452499
360000	-30170.936197251944	-28343.414429268643	-1827.5217679833006	-28343.414429268643	164907.71286141692	3336094.3829171737	0.025815745932338954	2.055423418504087	0.0501944159870523	0.03850942139835209	0.02881373735532093	0.3119694920926931	0.31635557343691556	0.12917054397299735	0.24250439049739397	-1731.7589955526903	948643.9349640638	998370.8741080636	544092.2707989713	216225.25733282792	292021.06225681974	177916.47388164868	20472.23114762522	26	45	18	1	16	11	4	0.10748653002352618
368000	-30179.60809504107	-28343.161321593263	-1836.4467734478073	-28343.161321593263	141426.9631919841	3416955.260815929	0.02508666780500358	2.028356550295541	0.05162856841416984	0.05921838114896222	0.05795046519624545	0.31093130600761404	0.3177668919002907	0.12978861988875234	0.24151318220334278	-1737.1541275725986	1365433.7415124464	798196.9296616585	444096.5230768154	750957.8841264818	484753.2400853546	231580.74307225842	63059.49715714448	16	54	2	8	31	8	2	0.10468139906655824
376000	-30170.183674582648	-28340.767969570465	-1829.4157050121817	-28340.767969570465	147783.64830506794	3370342.450588804	0.02642331258125207	1.7974554496011907	0.049739025078572176	0.08546173710354586	0.01091716962587696	0.3090454969113065	0.31798949567093493	0.13024277145425048	0.24272223596350806	-1730.385506627026	1988013.694576788	928910.7846418889	548230.063685452	860907.2749112475	588329.9374446685	247344.99418580648	21060.6371651787	12	7	19	31	32	17	3	0.10439664583622986
384000	-30174.380896913946	-28347.137205634885	-1827.243691279061	-28347.137205634885	164213.9153031425	3251400.9361082567	0.04360352512465239	1.9414437450046709	0.05019960920422132	0.08067145972259465	0.024213133046531676	0.31505459158952354	0.31172254781538006	0.13079931614614068	0.2424235444489557	-1725.9825109489723	2507539.0401623165	1350306.2828263151	553904.8845282004	677634.8415915655	613184.5933618885	283987.2401176057	128625.07641527793	5	18	4	31	38	15	10	0.10782802085941381
392000	-30182.948290169606	-28346.50727480551	-1836.4410153640954	-28346.50727480551	144249.36692935252	3289944.281714019	0.037218739849877766	2.041357439132137	0.050000621886813944	0.08138307921013402	0.024511353879251612	0.305347491540006	0.3187299227581698	0.13289566102654032	0.2430269246752839	-1737.0478403512418	1178937.8483765842	687721.6098138803	699136.323220192	1126862.3068951757	464772.853992863	116687.74979664148	112857.4960143019	15	4	16	34	42	4	6	0.10968574156090706
400000	-30175.12199358319	-28335.582380778545	-1839.539612804645	-28335.582380778545	148822.91286368878	3483519.1111317193	0.02015324031227869	2.088473495216273	0.026810032312354865	0.06000527339624464	0.024088266697392707	0.30941093579395607	0.31067405169097617	0.13525560959117555	0.24465940292389232	-1739.7910139336004	1182639.520576336	740981.534489819	1545771.1447394902	958302.8149997179	718701.3078862854	235617.94722172382	102969.6235094902	21	13	13	17	39	6	12	0.10804432687267256
408000	-30188.442322901392	-28346.79952732579	-1841.6427955755992	-28346.79952732579	151273.75512139202	3502293.5394530245	0.038376427484866395	2.237343198373551	0.02611520208334364	0.05933930730261648	0.026150613512694126	0.30336800255569774	0.3174086872133893	0.12920615249727546	0.2500171577336375	-1740.0494648772806	4836377.382839808	1007517.666729305	995619.0596766035	956051.6315865759	490909.50612619834	247812.62488631392	90784.00776650356	4	25	21	20	31	15	5	0.11148427416396078
416000	-30176.77328140697	-28349.173447299865	-1827.5998341071052	-28349.173447299865	142603.591314391	3261360.354444358	0.02018625207345366	2.3798247767931446	0.026808038627714786	0.03713177255235092	0.010647076147513064	0.30559784820047986	0.3130278548819449	0.13189521421023584	0.24947908270733918	-1732.0437175545183	1271823.5243214134	888685.1046987742	1056430.3960620125	398685.34804067865	401167.3359773367	54352.007145576885	70252.90446558245	11	23	32	17	33	3	2	0.1076731868147944
424000	-30171.700688065677	-28341.954867400902	-1829.745820664777	-28341.954867400902	146802.64617631416	3175231.9301865613	0.019135049816544437	2.389467339598304	0.03910743575686421	0.040358529692665165	0.0035952844129369292	0.309097637345644	0.31906815043530007	0.12485627369677886	0.2469779385222772	-1734.0539026213619	822572.7373629434	379424.73465624894	515024.90481908695	485000.085235768	719975.793530093	367413.38604866894	134453.50250359593	21	11	23	17	20	20	9	0.10674032776217367
432000	-30164.186455658764	-28341.252900020216	-1822.933555638548	-28341.252900020216	172646.8028098979	3350104.951623009	0.03245969214445946	1.998126305393979	0.03995116935960254	0.051804678225082945	0.008257207157532774	0.30664048997270066	0.3204603318449683	0.12678338139185896	0.24611579679047194	-1723.19572669589	1257068.895289156	478821.8238210903	1270005.1693585697	264478.0629863501	339631.2318189058	643287.9138314889	145460.71576442674	25	11	24	21	8	7	25	0.10371258455068942
440000	-30162.111888892483	-28334.866117405152	-1827.2457714873292	-28334.866117405152	155848.0222786492	3342715.487981405	0.0316240721065974	2.3380837178046026	0.04106672345013934	0.06193631783774642	0.008452118182979947	0.31153979278085053	0.316051979083928	0.13165282991143065	0.24075539822379088	-1725.8455384050947	1091884.1587808493	738952.6717362616	866962.7394774962	449364.0908216611	1469604.7641734579	375504.280187906	331628.848339688	29	11	25	21	2	15	18	0.1
448000	-30164.110608598145	-28327.38365497788	-1836.726953620267	-28327.38365497788	156026.85126773908	3500612.290183823	0.034077898712900616	2.179682541465112	0.03942385820064824	0.06262507600737945	0.027701823062491405	0.3119804145097235	0.3102796749005079	0.13272283341072835	0.24501707717904034	-1731.2039806128744	1099201.637350113	1901134.5787848597	1314937.9245304684	307892.3285119028	961340.2865142999	1730710.4620551078	259009.65558620787	17	11	33	20	4	6	30	0.1
456000	-30162.67314663377	-28325.976538849103	-1836.6966077846678	-28325.976538849103	150287.44748785184	3356360.735450576	0.05969919840337917	2.0405657823399492	0.038846539315534834	0.0651788736442641	0.025115113023972818	0.30777257256375606	0.32086546102707425	0.13042947269456334	0.24093249371460623	-1733.090832153015	837309.2772040716	2052321.5185438045	1109175.8856467593	1371601.1763405232	379723.277755502	632043.0097672477	176775.08257289568	1	9	18	13	19	34	27	0.10230836863466657
464000	-30187.862950200364	-28344.470267244862	-1843.3926829555019	-28344.470267244862	158413.65561126015	3534359.6012274036	0.034137194245447075	2.3611680084880295	0.04017884166729268	0.06647074038852363	0.023205643102820705	0.31558737065931936	0.31088424638489764	0.13189225866965165	0.24163612428613127	-1742.0847696650947	1243040.2396395283	851272.9254912597	1292615.4117258044	305129.2653869855	919686.7195355713	222648.44028902036	106888.41785475193	9	10	31	6	42	16	7	0.10234929908994787
472000	-30182.352652496545	-28345.681376948218	-1836.6712755483288	-28345.681376948218	174002.403662101	3409579.907396527	0.034137194245447075	2.1245105472294705	0.02699954820098512	0.026266406892479645	0.023205643102820705	0.30644235686672927	0.31088424638489764	0.13189225866965165	0.2507811380787214	-1737.0981802870208	795829.0489708883	971562.4046585929	1693040.0948078895	939589.3935593537	733937.5340109668	297114.2168886182	130455.8541664142	34	1	11	9	43	6	17	0.10234929908994787
480000	-30151.96153264312	-28327.84113459281	-1824.12039805031	-28327.84113459281	134207.05104798166	3206800.718044954	0.03879071086315602	2.1245105472294705	0.02699954820098512	0.08089130970238095	0.023205643102820705	0.30644235686672927	0.31088424638489764	0.13189225866965165	0.2507811380787214	-1725.0737837041943	549321.0397029909	986244.0554978095	625316.2045465137	776118.7640552197	707230.6760506756	286211.5259896906	120929.86876117392	8	14	24	21	24	14	16	0.10234929908994787
488000	-30171.639459192862	-28341.25993365376	-1830.3795255391021	-28341.25993365376	147501.77991008232	3293318.4973285827	0.0397006541243894	2.4868739326119655	0.05060937937234864	0.041218520026274616	0.012275719528634401	0.30644235686672927	0.31088424638489764	0.13189225866965165	0.2507811380787214	-1729.481449378342	3027010.3666110863	1237929.578688843	310669.11460176104	1108298.217031007	419406.38773022295	171380.3367728835	76349.65359029392	4	20	9	40	23	23	2	0.10234929908994787
496000	-30192.395292565627	-28351.403779043834	-1840.9915135217925	-28351.403779043834	184432.1626450772	3611424.3124231696	0.021039164134961895	1.8605732920217386	0.05060937937234864	0.0707876766615177	0.0515420980599504	0.30644235686672927	0.31088424638489764	0.13189225866965165	0.2507811380787214	-1740.1903716084153	1308229.9272775413	533258.9497095563	660038.854831362	864778.0064676623	475642.7921471855	587162.6947762901	181203.27457125534	15	12	7	57	14	1	15	0.10234929908994787
504000	-30179.839375725278	-28338.28876484644	-1841.5506108788395	-28338.28876484644	141712.42869692895	3345078.162487243	0.03516091149135313	2.368728173736591	0.05060937937234864	0.0707876766615177	0.036139988931438216	0.30644235686672927	0.31088424638489764	0.13189225866965165	0.2507811380787214	-1738.347708207458	649932.6975090397	1374279.1432230745	1181488.5853683567	927442.6819173513	313603.99617147516	823455.6047908476	165171.17546629402	7	44	16	14	30	1	9	0.10234929908994787
512000	-30170.490111186733	-28331.3933438032	-1839.096767383532	-28331.3933438032	146163.6932580364	3409848.984045133	0.026397346098119633	2.368728173736591	0.03381980688737944	0.0707876766615177	0.03218395774090915	0.30644235686672927	0.31088424638489764	0.13189225866965165	0.2507811380787214	-1738.5140227361414	1525200.4337889527	724055.6486072607	654859.4733213376	989650.3625991506	704238.8043722834	330217.648421927	186817.13168059217	12	9	8	35	35	17	5	0.10234929908994787
520000	-30193.79850851174	-28356.140056357402	-1837.658452154336	-28356.140056357402	134860.20180504554	3294386.065791552	0.026397346098119633	2.368728173736591	0.03381980688737944	0.0707876766615177	0.03218395774090915	0.30644235686672927	0.31232904910060383	0.1304474559539455	0.2507811380787214	-1737.2504755566729	1800426.2863892368	574335.3119067437	1459817.8211925258	699205.0504363577	476491.1116364466	210758.29069368783	55759.05391742944	1	1	24	48	33	7	7	0.10234929908994787
528000	-30167.491525752044	-28353.286253579954	-1814.205272172091	-28353.286253579954	134835.80537773774	3195864.466698148	0.05077250269170881	2.368728173736591	0.03381980688737944	0.04915759596282643	0.03218395774090915	0.30644235686672927	0.31232904910060383	0.1304474559539455	0.2507811380787214	-1715.7110333560238	1885895.9264103211	268687.4169237196	537210.2918288499	649578.7961207373	541993.209119348	137081.67892844387	19506.546924620077	13	4	27	18	40	15	4	0.10234929908994787
536000	-30174.83688666043	-28348.227906655266	-1826.6089800051618	-28348.227906655266	140945.71094160926	3301439.299846367	0.03512922773150121	1.9902436281095959	0.03381980688737944	0.03534523938740372	0.03218395774090915	0.30644235686672927	0.31959362413532183	0.12318288091922752	0.2507811380787214	-1722.3101857065635	6109365.980675642	2628485.5964193535	461072.15434384963	781313.7695260108	1613750.3899225278	269850.57108521735	45419.09144038093	4	5	1	76	7	23	5	0.10234929908994787
544000	-30196.887737095865	-28344.281718694518	-1852.6060184013463	-28344.281718694518	165517.06908488815	3615638.530632775	0.03512922773150121	2.6348724619232033	0.03381980688737944	0.06593458492919292	0.03218395774090915	0.3127210278302278	0.31710806453064233	0.13169643680902487	0.23847447083010498	-1751.492478933181	2106134.6067205514	530473.6602902944	470798.5584569505	814451.9421530835	815063.4951415455	291898.20443915564	219783.81562998952	16	6	7	71	1	18	2	0.10234929908994787
552000	-30154.35564000535	-28328.701588945805	-1825.6540510595444	-28328.701588945805	158498.06241366	3361201.092083152	0.02577603284916549	2.050595813094284	0.03381980688737944	0.03507176386535364	0.025473296121835597	0.3127210278302278	0.31710806453064233	0.13169643680902487	0.23847447083010498	-1728.5757071147086	923278.322595591	1043728.2116860321	1487088.934522736	585215.3397929526	215739.67322982068	174445.9531785274	35745.10265501371	9	26	16	55	6	6	3	0.10234929908994787
560000	-30163.20787624847	-28325.089203643205	-1838.118672605266	-28325.089203643205	171672.61382584582	3440055.214717657	0.02577603284916549	2.050595813094284	0.03381980688737944	0.07389167097852237	0.025473296121835597	0.3127210278302278	0.3094143056969184	0.13169643680902487	0.2461682296638289	-1739.0249575379357	1528961.9231016405	1177422.0527604094	786699.3640987444	765111.1680904182	736627.1377661622	134064.95268893984	50287.612428582746	7	32	27	28	7	17	3	0.10234929908994787
568000	-30179.133342342644	-28350.89004751379	-1828.2432948288551	-28350.89004751379	160753.39434346024	3416735.77047439	0.02577603284916549	2.050595813094284	0.03555123777648564	0.04899567739251123	0.025473296121835597	0.3127210278302278	0.31594665022953305	0.1251640922764102	0.2461682296638289	-1730.7024130161624	3386176.26270491	1069051.0371300397	810919.6906275013	284371.02632215864	295354.7794784837	101158.5806584932	49398.59639638891	6	40	41	27	2	2	3	0.10234929908994787
576000	-30168.20847822592	-28341.938053755217	-1826.2704244707024	-28341.938053755217	144465.09165181615	3288213.972803211	0.03768810647289178	2.050595813094284	0.03555123777648564	0.04899567739251123	0.025473296121835597	0.3127210278302278	0.31594665022953305	0.1251640922764102	0.2461682296638289	-1729.677834462267	1656057.5682110745	1308511.3748957913	693319.4107152364	516634.7328584182	246901.27224977664	66147.75821244011	37376.17034679814	2	36	37	22	20	2	2	0.10234929908994787
584000	-30203.2606292073	-28361.225072416746	-1842.0355567905528	-28361.225072416746	162937.4225842051	3492263.3306499557	0.02774929594483675	2.050595813094284	0.03555123777648564	0.04899567739251123	0.025473296121835597	0.3127210278302278	0.31594665022953305	0.1251640922764102	0.2461682296638289	-1744.0532643792	1649536.2910606244	1160810.8566814726	417806.586747677	279556.7466070976	333544.9500845835	361635.8787745556	107105.03253884347	5	67	27	2	8	5	7	0.10234929908994787
592000	-30163.197379950172	-28328.53437588352	-1834.6630040666541	-28328.53437588352	155698.15473182977	3500242.02805864	0.02774929594483675	2.050595813094284	0.03555123777648564	0.08410867741234979	0.025473296121835597	0.3127210278302278	0.31594665022953305	0.1251640922764102	0.2461682296638289	-1738.2057764799597	1295242.7635572092	880666.9214448602	415135.3480080625	496715.6133260068	198069.81100274986	161345.01890720392	35946.3892015222	39	39	1	23	12	2	5	0.10234929908994787
600000	-30153.45791001054	-28334.516901790605	-1818.941008219934	-28334.516901790605	137919.07997965295	3027200.1975669484	0.040531138088117584	2.479689689289394	0.03555123777648564	0.08410867741234979	0.012256247860633559	0.3127210278302278	0.31594665022953305	0.1251640922764102	0.2461682296638289	-1721.7869703782244	1107777.9048403546	917336.7768650261	547745.9573142508	665355.3835788738	197179.89395068548	175529.684985823	71987.54393904061	58	6	24	14	11	5	3	0.10234929908994787
608000	-30166.941336074837	-28340.060433583687	-1826.8809024911511	-28340.060433583687	146873.85283720406	3337721.038090722	0.023572117674303773	2.479689689289394	0.03555123777648564	0.057137958220837615	0.018512070106857292	0.3127210278302278	0.31594665022953305	0.1251640922764102	0.2461682296638289	-1732.323564110553	1122479.628373328	253564.53672323222	621526.0751931428	241550.0876026365	252788.1145285835	25758.03000874025	44740.96618117357	74	1	23	7	10	3	3	0.10234929908994787
616000	-30177.62070031194	-28332.12753468574	-1845.4931656262027	-28332.12753468574	158575.4060143974	3560124.5263948226	0.04048646419593183	2.479689689289394	0.04639232291276496	0.03767320376310975	0.0448518410691921	0.3049646699198664	0.31594665022953305	0.13292045018677157	0.2461682296638289	-1746.8101330176162	1218139.7330415503	1363449.0713031995	641607.3516774073	550662.4487883013	511014.9144529018	88982.30451151998	68630.31830397698	54	15	32	4	10	1	5	0.10234929908994787
624000	-30182.69037859197	-28350.441369605065	-1832.2490089869073	-28350.441369605065	138646.53468715795	3283204.8005177705	0.04048646419593183	2.479689689289394	0.04639232291276496	0.02715678105126173	0.0448518410691921	0.3049646699198664	0.31594665022953305	0.12946049591766015	0.2496281839329403	-1732.9203813048407	1133237.8867624525	2609524.160554691	529111.6834847874	469399.4305471174	471086.3054218505	128950.34274187036	16774.626078963927	61	1	31	2	9	16	1	0.10234929908994787
632000	-30186.529523642785	-28345.513288995273	-1841.016234647511	-28345.513288995273	147495.53291028453	3461570.906409929	0.042531856171152405	2.479689689289394	0.038678170176770915	0.0444967539938928	0.0379972924188153	0.3139296483031996	0.31594665022953305	0.12946049591766015	0.24066320554960713	-1738.82371614777	1085795.2057973887	278427.9879011205	430946.4593572245	1588968.5947770085	544838.1924594967	555146.5065917186	169726.8677480555	41	4	3	14	27	12	20	0.10234929908994787
640000	-30179.353112734734	-28346.65710473344	-1832.696008001294	-28346.65710473344	128174.28447837161	3300628.6998906936	0.042531856171152405	2.479689689289394	0.037800352598609206	0.0444967539938928	0.0379972924188153	0.3139296483031996	0.31594665022953305	0.12721927740688166	0.24290442406038562	-1729.955552261074	1011734.470243766	1608523.9745608494	339803.4498293191	371084.21847337263	1598723.6037688344	236829.4869467897	49599.58683867148	54	4	3	27	8	19	6	0.10234929908994787
648000	-30182.60204413934	-28345.77643921457	-1836.8256049247725	-28345.77643921457	166717.5804427319	3634901.4928417946	0.042306123007369904	2.4883510798736785	0.03762307723382204	0.06786455258539541	0.017286951709719955	0.3127668253231443	0.31628922523986197	0.12694834342295716	0.2439956060140365	-1737.4190066444326	1438586.0609812913	1342582.6209103917	453865.3955597012	282733.99168107763	575733.8148636072	321919.0342161437	84187.60073450892	53	1	15	16	8	17	11	0.10173505256786815
656000	-30191.959644422408	-28350.41874909384	-1841.5408953285705	-28350.41874909384	143525.92487104348	3456572.458274548	0.04038604004791022	2.4883510798736785	0.03601561270127523	0.06786455258539541	0.046112312990471804	0.3127668253231443	0.31628922523986197	0.12694834342295716	0.2439956060140365	-1741.0148419241862	883536.6765329833	474787.5349498423	592174.0915696985	317859.95013170055	927481.4992650009	311892.37804563134	197211.80699732792	57	4	9	18	7	21	5	0.10173505256786815
664000	-30168.740039329958	-28335.478567961043	-1833.2614713689143	-28335.478567961043	145313.1512486912	3412016.9777779803	0.04038604004791022	2.1179997892715043	0.03601561270127523	0.06786455258539541	0.046112312990471804	0.3127668253231443	0.31628922523986197	0.12694834342295716	0.2439956060140365	-1733.5628289518957	1007959.3530402398	695359.0191648442	641673.8613441086	123741.24034636792	607712.1042399528	119933.59250675746	28138.292346253173	71	4	20	4	6	14	2	0.10173505256786815
672000	-30165.999551673536	-28330.959138354403	-1835.040413319135	-28330.959138354403	137063.53535036536	3315607.4362528003	0.04038604004791022	2.1179997892715043	0.03601561270127523	0.06786455258539541	0.013339987272960785	0.3127668253231443	0.31628922523986197	0.12694834342295716	0.2439956060140365	-1734.7584340519086	1543116.1780165208	593280.7850546443	558480.7961286816	434389.3476780599	1132010.1620404474	292390.4468416542	182032.0914260066	59	19	2	19	3	1	18	0.10173505256786815
680000	-30177.46640443221	-28332.48684188443	-1844.979562547778	-28332.48684188443	152197.9110578258	3490633.832818044	0.04038604004791022	2.1179997892715043	0.03601561270127523	0.06786455258539541	0.05126838389707901	0.3127668253231443	0.31628922523986197	0.12694834342295716	0.2439956060140365	-1741.098900732092	970205.3013250107	1140771.5526694248	1522113.2245230565	1961384.8683927283	1244021.3540375032	434614.67533263116	172776.54406483096	30	31	1	1	8	34	16	0.10173505256786815
688000	-30183.972985067787	-28347.782159576218	-1836.1908254915702	-28347.782159576218	148647.0239244608	3441690.4254545947	0.04038604004791022	2.3343837862965473	0.03601561270127523	0.06786455258539541	0.01140742105652111	0.3127668253231443	0.31628922523986197	0.12694834342295716	0.2439956060140365	-1737.118413008368	1156770.2967195234	1607317.018080265	706068.7498441237	780926.5622758465	223509.86267625217	318304.78818365035	24649.424830037256	10	4	41	20	11	30	5	0.10173505256786815
696000	-30154.893206839122	-28332.20275346007	-1822.690453379052	-28332.20275346007	147353.91554063745	3146831.5368170952	0.03918675124770356	2.372714964047631	0.03527396864920772	0.03274879900975055	0.011126174092803937	0.3078952393440164	0.3175542929766685	0.12602276001624388	0.2485277076630712	-1725.5009288612086	858163.5765487688	984494.3684598911	735516.6613384569	910189.5081156382	374326.0657500317	236759.73160892655	20909.261548129285	5	12	71	6	2	20	5	0.1
704000	-30173.058842245235	-28346.627827324417	-1826.4310149208168	-28346.627827324417	133849.5385328875	3240199.5257664095	0.04097305319269024	2.318162460906157	0.03635107291061065	0.08633750825330874	0.018578542181399555	0.31430159405680425	0.3161622012374978	0.1273332035330601	0.24220300117263785	-1728.348514707863	1534436.1689025636	1041664.2470158954	758376.7004900952	636900.921488434	147891.8994576442	196197.81810762748	22303.961788231783	12	6	67	8	7	17	4	0.10372222044645994
712000	-30175.56715560448	-28349.55850468921	-1826.0086509152711	-28349.55850468921	150455.80833653052	3178622.7494241768	0.03893255743361832	2.374492959891111	0.035218611591245334	0.04036695982136256	0.039423117381222055	0.30716524851552524	0.31784040022693794	0.12603147590569988	0.24896287535183698	-1729.78093690856	871411.9702513291	993166.6660814253	591268.661909155	254178.5559775699	342110.4369816171	88720.51312967703	58710.96186413416	29	1	65	1	18	5	2	0.1
720000	-30180.14630391665	-28342.347565789016	-1837.7987381276314	-28342.347565789016	163990.25974001113	3499201.811913333	0.03893255743361832	2.374492959891111	0.035218611591245334	0.04036695982136256	0.039423117381222055	0.30716524851552524	0.31784040022693794	0.12603147590569988	0.24896287535183698	-1739.1677694534446	1363698.4198490598	1628940.2123095386	591216.0956853046	327640.226775108	354103.50597517646	190820.44086471843	125825.84228166114	33	18	46	10	6	3	5	0.1
728000	-30156.743773188966	-28330.819630537917	-1825.9241426510503	-28330.819630537917	137047.65351924812	3174866.518089822	0.022590499921014934	2.3786287646484463	0.03513784179577175	0.07838518838284128	0.016573366048093317	0.30674462719897555	0.31795319162894387	0.12591967490332537	0.24938250626875522	-1727.724141658654	1080172.567763959	1204287.727215221	708159.2868030685	619389.5244793914	211436.4677668577	330578.43555546005	34374.68441355512	46	5	14	43	2	6	5	0.1
736000	-30172.247712436547	-28333.346565388292	-1838.9011470482542	-28333.346565388292	143225.01442396487	3244494.6454092357	0.031635462061016986	2.3786287646484463	0.03345379181637275	0.060210019172145954	0.05179153347554198	0.30674462719897555	0.31795319162894387	0.12591967490332537	0.24938250626875522	-1738.0766400241973	1385024.5782056537	937549.6611083952	2205288.9458007496	691058.0047070853	156918.2182725051	88162.13494927691	185106.69270310918	40	27	9	21	12	2	10	0.1
744000	-30173.695982416793	-28329.75835626807	-1843.9376261487243	-28329.75835626807	155443.56804221685	3633644.756788451	0.031635462061016986	2.3786287646484463	0.04240591688324566	0.060210019172145954	0.020547693670268336	0.30674462719897555	0.31795319162894387	0.12591967490332537	0.24938250626875522	-1744.7210797346759	1475111.655476339	1769024.6505720373	1118466.2160908096	553477.3002928719	377094.80257459416	183176.91890225135	58016.75553339371	23	21	25	27	9	11	5	0.1
752000	-30168.711532077592	-28338.76322139138	-1829.9483106862126	-28338.76322139138	148092.435069562	3422481.2584385504	0.031171657385885662	2.402954964655231	0.04219519844996518	0.05956522360159595	0.02028650973307283	0.3108720290698776	0.31282944234524307	0.1252266947302345	0.2510718338546448	-1732.3763330091397	2094790.889922783	946482.6963366955	974095.0783113324	506585.40657693794	169089.3503242535	148027.28935681965	21674.8712928553	16	37	17	33	11	3	4	0.10020850068270544
760000	-30173.37293754207	-28342.76002933501	-1830.6129082070584	-28342.76002933501	158359.47752234334	3341928.4611148536	0.03131018302561275	1.7677371682159873	0.04231132702226123	0.05972282966441954	0.020349759743743267	0.3154507300857124	0.30869306343015446	0.12539488506697066	0.25046132141716265	-1734.4814736020162	997738.8469161119	985225.1039946874	727140.7614381668	345873.8110048699	228259.65045462633	151941.54728687168	74740.5815492114	6	58	7	37	6	4	3	0.10059156018785051
768000	-30187.703876001597	-28352.424358692086	-1835.2795173095103	-28352.424358692086	164667.0847315354	3493587.215603461	0.03131018302561275	1.7677371682159873	0.019985632860664113	0.02886270316708873	0.020349759743743267	0.3154507300857124	0.30869306343015446	0.12539488506697066	0.25046132141716265	-1735.586331978734	2950351.95124065	935240.0257339927	935188.6486835345	662254.1491336222	828120.69062797	229496.72916846527	164739.76798726068	9	46	15	26	1	7	17	0.10059156018785051
776000	-30168.937772901845	-28355.19790356303	-1813.7398693388152	-28355.19790356303	127343.54148391588	3085951.80270997	0.03275210998684458	2.130931631295368	0.02005504695603609	0.028958529356200823	0.03387209855295781	0.31610716988663684	0.3085150219700835	0.12559472308694158	0.24978308505633817	-1713.644837795121	1162582.5310173056	392329.51086909825	1574485.3840458612	765533.9394576544	261372.89309882515	354854.387796638	67234.7900928683	24	26	13	26	1	20	11	0.1010360706982972
784000	-30182.62532082148	-28348.198648918653	-1834.4266719028276	-28348.198648918653	164572.94695516926	3544469.5334604536	0.025876827690277056	2.130931631295368	0.024525511265004123	0.0574093152997934	0.013912197421273819	0.30508162655023763	0.3149544869170924	0.1301808014763319	0.24978308505633817	-1735.2098460802615	3038589.738550189	736059.7210355051	1228068.2860751536	626638.52389964	252687.88028357993	274057.720082863	114806.6819633373	7	33	25	33	6	11	6	0.1010360706982972
792000	-30143.75011046032	-28333.49062953351	-1810.2594809268135	-28333.49062953351	162058.69408239942	3261283.215967424	0.02693749664820074	2.079995625899903	0.04370877444250794	0.03213678420505392	0.014359211353158317	0.30761919593421067	0.31578055139155686	0.13169681617578785	0.24490343649844462	-1710.968013701832	2319838.061461036	492810.6719761389	904070.4377778448	174283.00725811653	565903.4941301461	251844.58303692064	60514.421231468696	2	34	39	6	12	24	4	0.1047658749084611
800000	-30169.08155116579	-28334.303209169535	-1834.7783419962548	-28334.303209169535	153786.13333775778	3439419.84320233	0.02693749664820074	2.079995625899903	0.04370877444250794	0.064542890009218	0.016088467196382687	0.30761919593421067	0.31578055139155686	0.13169681617578785	0.24490343649844462	-1732.396892550826	8161439.79605647	625797.6288589054	959896.8484889332	1099009.303815674	581401.6783672615	252125.26095994696	21613.667922735323	3	35	18	21	15	25	4	0.1047658749084611
808000	-30173.818112761015	-28337.51610867001	-1836.3020040910064	-28337.51610867001	161690.40468597418	3559816.0148661234	0.03637079875329154	2.079995625899903	0.02713866651994205	0.033930018024521565	0.03678396907830267	0.30761919593421067	0.31578055139155686	0.13169681617578785	0.24490343649844462	-1733.7824670782354	6170431.145668489	2213529.52419696	560164.9762275666	732264.5793677877	908376.6357559059	258944.79645800588	67214.26157603884	4	1	32	31	30	18	5	0.1047658749084611
816000	-30174.150447064352	-28343.62009052339	-1830.5303565409642	-28343.62009052339	149963.03515775118	3241970.5052535245	0.024037337558969765	2.079995625899903	0.03520358202979106	0.033930018024521565	0.03678396907830267	0.30761919593421067	0.31578055139155686	0.13169681617578785	0.24490343649844462	-1728.2400367301796	8132232.163172327	744349.656684337	855328.4792161081	663290.8977393993	654252.6856672191	349400.9524691805	114271.72963724687	4	6	5	47	21	29	9	0.1047658749084611
824000	-30171.939658038416	-28338.02430442714	-1833.9153536112756	-28338.02430442714	148018.53228973207	3467011.613989259	0.03735373775946549	2.079995625899903	0.03520358202979106	0.025372566497116066	0.011652195342185418	0.30761919593421067	0.3179146265102239	0.13169681617578785	0.2427693613797776	-1734.476116176652	3258771.7133218446	630444.8232264424	812761.9082227572	978716.3660963007	539285.645491603	147194.85441276003	171022.86161989835	7	6	26	46	17	12	7	0.1047658749084611
832000	-30192.823358216676	-28354.17098567375	-1838.6523725429251	-28354.17098567375	146384.5910521684	3450725.3891178328	0.02296691689623491	1.7630099676580169	0.04566595058486338	0.033768240530785	0.02606167197426254	0.30740245977857955	0.318008357473558	0.13162234637863682	0.24296683636922578	-1739.8985312168304	6962413.735916522	1051544.8084092995	828465.1498988929	912671.5914959654	138356.3300750453	107088.60021614785	7470.649803241461	3	19	11	67	14	6	1	0.10458508523324558
840000	-30173.57133532435	-28345.12835059486	-1828.4429847294898	-28345.12835059486	161563.13735574338	3232044.890927155	0.03831308905757679	1.7344346396709578	0.04603459626761855	0.034285683869725775	0.009886710805204731	0.3108162495357243	0.3165142032279412	0.13281754321378894	0.2398520040225455	-1730.156260094873	1781898.1666854538	1041389.7240073654	543227.5323833885	615757.6395696064	965557.1028254139	87229.79978885429	80051.30224701618	10	35	11	46	4	13	2	0.1077917513940992
848000	-30168.01651446059	-28336.439256008678	-1831.5772584519113	-28336.439256008678	142071.25146817652	3298823.4253949057	0.022691975887136923	2.0410533169174485	0.02597208206809747	0.03785836667399825	0.026203993138172406	0.303348800930485	0.31991700468990514	0.13025932855678815	0.24647486582282171	-1733.6395920475697	593831.3368408114	589523.6877704258	739251.2831170532	1171125.5103045413	822014.2734258601	207885.02079434847	131131.8612688047	8	15	5	16	51	21	5	0.10141422031053723
856000	-30173.155571057418	-28338.897566503987	-1834.258004553429	-28338.897566503987	157998.9764660956	3389242.563816342	0.022420941455560537	2.06239958636019	0.025898596943099827	0.03752325866269385	0.025831045360332018	0.3065047150794922	0.3156895534027707	0.12951767344067527	0.24828805807706178	-1736.1216876438236	765607.2235762794	1313054.9532802154	704952.2594787049	775036.5575529139	668478.9970250597	263510.32303958776	39757.59529345059	18	12	5	1	68	13	4	0.1
